{"/media/colin/data/CloudStation/work/linkeddata/sparql-router/app.js":{"path":"/media/colin/data/CloudStation/work/linkeddata/sparql-router/app.js","s":{"1":1,"2":1,"3":1,"4":1,"5":1,"6":1,"7":1,"8":1,"9":1,"10":1,"11":1,"12":1,"13":1,"14":1,"15":1,"16":1,"17":1,"18":1,"19":0,"20":1,"21":1,"22":1,"23":1,"24":1,"25":0,"26":1,"27":1,"28":1,"29":1,"30":1,"31":0,"32":1,"33":1,"34":1,"35":1,"36":1,"37":1,"38":1,"39":52,"40":52,"41":52,"42":1,"43":1,"44":11,"45":11,"46":0,"47":1},"b":{"1":[0,1],"2":[0,1],"3":[0,1],"4":[11,0],"5":[11,0,0,0]},"f":{"1":1,"2":1,"3":1,"4":52,"5":11},"fnMap":{"1":{"name":"(anonymous_1)","line":38,"loc":{"start":{"line":38,"column":64},"end":{"line":38,"column":79}}},"2":{"name":"(anonymous_2)","line":46,"loc":{"start":{"line":46,"column":37},"end":{"line":46,"column":58}}},"3":{"name":"(anonymous_3)","line":51,"loc":{"start":{"line":51,"column":74},"end":{"line":51,"column":89}}},"4":{"name":"(anonymous_4)","line":71,"loc":{"start":{"line":71,"column":8},"end":{"line":71,"column":33}}},"5":{"name":"(anonymous_5)","line":81,"loc":{"start":{"line":81,"column":2},"end":{"line":81,"column":35}}}},"statementMap":{"1":{"start":{"line":1,"column":0},"end":{"line":1,"column":54}},"2":{"start":{"line":2,"column":0},"end":{"line":2,"column":35}},"3":{"start":{"line":3,"column":0},"end":{"line":3,"column":35}},"4":{"start":{"line":4,"column":0},"end":{"line":4,"column":33}},"5":{"start":{"line":5,"column":0},"end":{"line":5,"column":31}},"6":{"start":{"line":6,"column":0},"end":{"line":6,"column":31}},"7":{"start":{"line":7,"column":0},"end":{"line":7,"column":29}},"8":{"start":{"line":8,"column":0},"end":{"line":8,"column":23}},"9":{"start":{"line":9,"column":0},"end":{"line":9,"column":20}},"10":{"start":{"line":11,"column":0},"end":{"line":11,"column":37}},"11":{"start":{"line":14,"column":0},"end":{"line":14,"column":43}},"12":{"start":{"line":33,"column":0},"end":{"line":33,"column":44}},"13":{"start":{"line":34,"column":0},"end":{"line":34,"column":39}},"14":{"start":{"line":35,"column":0},"end":{"line":35,"column":79}},"15":{"start":{"line":36,"column":0},"end":{"line":36,"column":23}},"16":{"start":{"line":37,"column":0},"end":{"line":37,"column":56}},"17":{"start":{"line":38,"column":0},"end":{"line":41,"column":3}},"18":{"start":{"line":39,"column":2},"end":{"line":39,"column":35}},"19":{"start":{"line":39,"column":11},"end":{"line":39,"column":35}},"20":{"start":{"line":40,"column":2},"end":{"line":40,"column":57}},"21":{"start":{"line":44,"column":0},"end":{"line":44,"column":47}},"22":{"start":{"line":45,"column":0},"end":{"line":45,"column":45}},"23":{"start":{"line":46,"column":0},"end":{"line":56,"column":3}},"24":{"start":{"line":47,"column":2},"end":{"line":55,"column":3}},"25":{"start":{"line":47,"column":12},"end":{"line":47,"column":21}},"26":{"start":{"line":48,"column":4},"end":{"line":48,"column":40}},"27":{"start":{"line":49,"column":4},"end":{"line":49,"column":59}},"28":{"start":{"line":50,"column":4},"end":{"line":50,"column":56}},"29":{"start":{"line":51,"column":4},"end":{"line":54,"column":7}},"30":{"start":{"line":52,"column":6},"end":{"line":52,"column":39}},"31":{"start":{"line":52,"column":15},"end":{"line":52,"column":39}},"32":{"start":{"line":53,"column":6},"end":{"line":53,"column":60}},"33":{"start":{"line":62,"column":0},"end":{"line":62,"column":65}},"34":{"start":{"line":63,"column":0},"end":{"line":63,"column":66}},"35":{"start":{"line":64,"column":0},"end":{"line":64,"column":64}},"36":{"start":{"line":68,"column":0},"end":{"line":68,"column":18}},"37":{"start":{"line":70,"column":0},"end":{"line":70,"column":34}},"38":{"start":{"line":71,"column":0},"end":{"line":75,"column":3}},"39":{"start":{"line":72,"column":2},"end":{"line":72,"column":49}},"40":{"start":{"line":73,"column":2},"end":{"line":73,"column":95}},"41":{"start":{"line":74,"column":2},"end":{"line":74,"column":9}},"42":{"start":{"line":77,"column":0},"end":{"line":77,"column":12}},"43":{"start":{"line":80,"column":0},"end":{"line":94,"column":4}},"44":{"start":{"line":82,"column":4},"end":{"line":92,"column":5}},"45":{"start":{"line":89,"column":5},"end":{"line":89,"column":31}},"46":{"start":{"line":91,"column":5},"end":{"line":91,"column":28}},"47":{"start":{"line":98,"column":0},"end":{"line":98,"column":21}}},"branchMap":{"1":{"line":39,"type":"if","locations":[{"start":{"line":39,"column":2},"end":{"line":39,"column":2}},{"start":{"line":39,"column":2},"end":{"line":39,"column":2}}]},"2":{"line":47,"type":"if","locations":[{"start":{"line":47,"column":2},"end":{"line":47,"column":2}},{"start":{"line":47,"column":2},"end":{"line":47,"column":2}}]},"3":{"line":52,"type":"if","locations":[{"start":{"line":52,"column":6},"end":{"line":52,"column":6}},{"start":{"line":52,"column":6},"end":{"line":52,"column":6}}]},"4":{"line":82,"type":"if","locations":[{"start":{"line":82,"column":4},"end":{"line":82,"column":4}},{"start":{"line":82,"column":4},"end":{"line":82,"column":4}}]},"5":{"line":83,"type":"binary-expr","locations":[{"start":{"line":83,"column":6},"end":{"line":83,"column":48}},{"start":{"line":84,"column":7},"end":{"line":84,"column":48}},{"start":{"line":85,"column":6},"end":{"line":85,"column":41}},{"start":{"line":86,"column":6},"end":{"line":86,"column":45}}]}}},"/media/colin/data/CloudStation/work/linkeddata/sparql-router/lib/routes.js":{"path":"/media/colin/data/CloudStation/work/linkeddata/sparql-router/lib/routes.js","s":{"1":1,"2":1,"3":1,"4":1,"5":1,"6":1,"7":1,"8":1,"9":1,"10":1,"11":1,"12":1,"13":1,"14":1,"15":1,"16":1,"17":1,"18":1,"19":0,"20":1,"21":1,"22":8,"23":8,"24":8,"25":1,"26":7,"27":7,"28":1,"29":1,"30":1,"31":3,"32":3,"33":2,"34":3,"35":3,"36":1,"37":2,"38":2,"39":1,"40":2,"41":1,"42":20,"43":20,"44":20,"45":20,"46":20,"47":20,"48":20,"49":20,"50":90,"51":17,"52":17,"53":0,"54":17,"55":17,"56":6,"57":6,"58":6,"59":17,"60":4,"61":13,"62":7,"63":6,"64":6,"65":17,"66":20,"67":3,"68":1,"69":6,"70":6,"71":6,"72":6,"73":6,"74":6,"75":6,"76":6,"77":5,"78":6,"79":6,"80":0,"81":6,"82":1,"83":5,"84":5,"85":2,"86":5,"87":5,"88":4,"89":4,"90":4,"91":4,"92":4,"93":2,"94":2,"95":0,"96":0,"97":2,"98":2,"99":2,"100":0,"101":2,"102":2,"103":2,"104":2,"105":1,"106":3,"107":3,"108":3,"109":3,"110":3,"111":1,"112":2,"113":2,"114":0,"115":0,"116":2,"117":1,"118":1,"119":1,"120":1,"121":1,"122":1,"123":1,"124":1,"125":1,"126":1,"127":0,"128":1,"129":5,"130":5,"131":5,"132":1,"133":1,"134":1,"135":1,"136":1,"137":1,"138":1,"139":0},"b":{"1":[0,1],"2":[1,7],"3":[1,2],"4":[17,73],"5":[0,17],"6":[6,0],"7":[4,13],"8":[7,6],"9":[13,7],"10":[3,17],"11":[0,6],"12":[1,5],"13":[2,3],"14":[2,2],"15":[4,4],"16":[0,2],"17":[0,2],"18":[1,2],"19":[0,2],"20":[0,1],"21":[1,0]},"f":{"1":1,"2":1,"3":1,"4":8,"5":1,"6":3,"7":2,"8":3,"9":2,"10":20,"11":17,"12":6,"13":5,"14":6,"15":5,"16":2,"17":3,"18":3,"19":2,"20":1,"21":1,"22":1,"23":1},"fnMap":{"1":{"name":"(anonymous_1)","line":29,"loc":{"start":{"line":29,"column":17},"end":{"line":29,"column":31}}},"2":{"name":"(anonymous_2)","line":31,"loc":{"start":{"line":31,"column":17},"end":{"line":31,"column":44}}},"3":{"name":"(anonymous_3)","line":43,"loc":{"start":{"line":43,"column":17},"end":{"line":43,"column":44}}},"4":{"name":"(anonymous_4)","line":53,"loc":{"start":{"line":53,"column":18},"end":{"line":53,"column":45}}},"5":{"name":"(anonymous_5)","line":65,"loc":{"start":{"line":65,"column":18},"end":{"line":65,"column":45}}},"6":{"name":"(anonymous_6)","line":69,"loc":{"start":{"line":69,"column":19},"end":{"line":69,"column":46}}},"7":{"name":"(anonymous_7)","line":72,"loc":{"start":{"line":72,"column":23},"end":{"line":72,"column":39}}},"8":{"name":"(anonymous_8)","line":77,"loc":{"start":{"line":77,"column":22},"end":{"line":77,"column":34}}},"9":{"name":"(anonymous_9)","line":90,"loc":{"start":{"line":90,"column":0},"end":{"line":90,"column":33}}},"10":{"name":"(anonymous_10)","line":94,"loc":{"start":{"line":94,"column":80},"end":{"line":94,"column":113}}},"11":{"name":"(anonymous_11)","line":108,"loc":{"start":{"line":108,"column":59},"end":{"line":108,"column":80}}},"12":{"name":"(anonymous_12)","line":139,"loc":{"start":{"line":139,"column":0},"end":{"line":139,"column":27}}},"13":{"name":"(anonymous_13)","line":148,"loc":{"start":{"line":148,"column":20},"end":{"line":148,"column":36}}},"14":{"name":"(anonymous_14)","line":153,"loc":{"start":{"line":153,"column":21},"end":{"line":153,"column":33}}},"15":{"name":"(anonymous_15)","line":161,"loc":{"start":{"line":161,"column":20},"end":{"line":161,"column":40}}},"16":{"name":"(anonymous_16)","line":176,"loc":{"start":{"line":176,"column":42},"end":{"line":176,"column":57}}},"17":{"name":"(anonymous_17)","line":207,"loc":{"start":{"line":207,"column":0},"end":{"line":207,"column":27}}},"18":{"name":"(anonymous_18)","line":212,"loc":{"start":{"line":212,"column":18},"end":{"line":212,"column":38}}},"19":{"name":"(anonymous_19)","line":216,"loc":{"start":{"line":216,"column":23},"end":{"line":216,"column":38}}},"20":{"name":"(anonymous_20)","line":228,"loc":{"start":{"line":228,"column":48},"end":{"line":228,"column":75}}},"21":{"name":"(anonymous_21)","line":232,"loc":{"start":{"line":232,"column":32},"end":{"line":232,"column":59}}},"22":{"name":"(anonymous_22)","line":238,"loc":{"start":{"line":238,"column":16},"end":{"line":238,"column":36}}},"23":{"name":"(anonymous_23)","line":259,"loc":{"start":{"line":259,"column":14},"end":{"line":259,"column":41}}}},"statementMap":{"1":{"start":{"line":1,"column":0},"end":{"line":1,"column":35}},"2":{"start":{"line":2,"column":0},"end":{"line":2,"column":31}},"3":{"start":{"line":3,"column":0},"end":{"line":3,"column":29}},"4":{"start":{"line":4,"column":0},"end":{"line":4,"column":27}},"5":{"start":{"line":5,"column":0},"end":{"line":5,"column":23}},"6":{"start":{"line":10,"column":0},"end":{"line":10,"column":39}},"7":{"start":{"line":29,"column":0},"end":{"line":267,"column":1}},"8":{"start":{"line":31,"column":0},"end":{"line":41,"column":4}},"9":{"start":{"line":32,"column":1},"end":{"line":32,"column":68}},"10":{"start":{"line":33,"column":1},"end":{"line":33,"column":44}},"11":{"start":{"line":34,"column":1},"end":{"line":34,"column":36}},"12":{"start":{"line":35,"column":1},"end":{"line":35,"column":36}},"13":{"start":{"line":37,"column":1},"end":{"line":37,"column":43}},"14":{"start":{"line":39,"column":1},"end":{"line":39,"column":52}},"15":{"start":{"line":40,"column":1},"end":{"line":40,"column":23}},"16":{"start":{"line":43,"column":0},"end":{"line":51,"column":3}},"17":{"start":{"line":44,"column":1},"end":{"line":44,"column":33}},"18":{"start":{"line":45,"column":1},"end":{"line":50,"column":2}},"19":{"start":{"line":47,"column":3},"end":{"line":47,"column":37}},"20":{"start":{"line":49,"column":3},"end":{"line":49,"column":52}},"21":{"start":{"line":53,"column":0},"end":{"line":63,"column":3}},"22":{"start":{"line":54,"column":1},"end":{"line":54,"column":33}},"23":{"start":{"line":55,"column":1},"end":{"line":55,"column":14}},"24":{"start":{"line":56,"column":1},"end":{"line":62,"column":2}},"25":{"start":{"line":58,"column":3},"end":{"line":58,"column":99}},"26":{"start":{"line":60,"column":3},"end":{"line":60,"column":29}},"27":{"start":{"line":61,"column":3},"end":{"line":61,"column":71}},"28":{"start":{"line":65,"column":0},"end":{"line":67,"column":3}},"29":{"start":{"line":66,"column":1},"end":{"line":66,"column":35}},"30":{"start":{"line":69,"column":0},"end":{"line":86,"column":3}},"31":{"start":{"line":70,"column":1},"end":{"line":70,"column":16}},"32":{"start":{"line":72,"column":4},"end":{"line":75,"column":6}},"33":{"start":{"line":74,"column":7},"end":{"line":74,"column":21}},"34":{"start":{"line":77,"column":4},"end":{"line":84,"column":7}},"35":{"start":{"line":78,"column":7},"end":{"line":83,"column":2}},"36":{"start":{"line":79,"column":3},"end":{"line":79,"column":84}},"37":{"start":{"line":81,"column":3},"end":{"line":81,"column":29}},"38":{"start":{"line":82,"column":3},"end":{"line":82,"column":71}},"39":{"start":{"line":88,"column":0},"end":{"line":92,"column":3}},"40":{"start":{"line":91,"column":1},"end":{"line":91,"column":8}},"41":{"start":{"line":94,"column":0},"end":{"line":135,"column":3}},"42":{"start":{"line":95,"column":1},"end":{"line":95,"column":50}},"43":{"start":{"line":96,"column":1},"end":{"line":96,"column":46}},"44":{"start":{"line":97,"column":1},"end":{"line":97,"column":32}},"45":{"start":{"line":98,"column":1},"end":{"line":98,"column":71}},"46":{"start":{"line":100,"column":1},"end":{"line":100,"column":24}},"47":{"start":{"line":101,"column":1},"end":{"line":101,"column":29}},"48":{"start":{"line":102,"column":1},"end":{"line":102,"column":29}},"49":{"start":{"line":104,"column":1},"end":{"line":130,"column":2}},"50":{"start":{"line":107,"column":2},"end":{"line":129,"column":3}},"51":{"start":{"line":108,"column":3},"end":{"line":127,"column":6}},"52":{"start":{"line":109,"column":6},"end":{"line":109,"column":58}},"53":{"start":{"line":109,"column":16},"end":{"line":109,"column":25}},"54":{"start":{"line":109,"column":33},"end":{"line":109,"column":57}},"55":{"start":{"line":111,"column":6},"end":{"line":116,"column":7}},"56":{"start":{"line":112,"column":7},"end":{"line":115,"column":8}},"57":{"start":{"line":113,"column":8},"end":{"line":113,"column":65}},"58":{"start":{"line":114,"column":8},"end":{"line":114,"column":66}},"59":{"start":{"line":117,"column":6},"end":{"line":126,"column":7}},"60":{"start":{"line":118,"column":5},"end":{"line":118,"column":81}},"61":{"start":{"line":120,"column":7},"end":{"line":125,"column":8}},"62":{"start":{"line":121,"column":8},"end":{"line":121,"column":92}},"63":{"start":{"line":123,"column":8},"end":{"line":123,"column":88}},"64":{"start":{"line":124,"column":8},"end":{"line":124,"column":76}},"65":{"start":{"line":128,"column":3},"end":{"line":128,"column":21}},"66":{"start":{"line":132,"column":1},"end":{"line":134,"column":2}},"67":{"start":{"line":133,"column":2},"end":{"line":133,"column":112}},"68":{"start":{"line":137,"column":0},"end":{"line":203,"column":3}},"69":{"start":{"line":140,"column":1},"end":{"line":140,"column":50}},"70":{"start":{"line":141,"column":1},"end":{"line":141,"column":32}},"71":{"start":{"line":142,"column":1},"end":{"line":142,"column":48}},"72":{"start":{"line":143,"column":1},"end":{"line":143,"column":16}},"73":{"start":{"line":144,"column":1},"end":{"line":144,"column":24}},"74":{"start":{"line":145,"column":1},"end":{"line":145,"column":21}},"75":{"start":{"line":146,"column":1},"end":{"line":146,"column":19}},"76":{"start":{"line":148,"column":1},"end":{"line":151,"column":6}},"77":{"start":{"line":150,"column":7},"end":{"line":150,"column":21}},"78":{"start":{"line":153,"column":3},"end":{"line":202,"column":3}},"79":{"start":{"line":154,"column":7},"end":{"line":201,"column":3}},"80":{"start":{"line":155,"column":3},"end":{"line":156,"column":82}},"81":{"start":{"line":157,"column":9},"end":{"line":201,"column":3}},"82":{"start":{"line":158,"column":3},"end":{"line":159,"column":92}},"83":{"start":{"line":161,"column":3},"end":{"line":165,"column":7}},"84":{"start":{"line":162,"column":5},"end":{"line":164,"column":6}},"85":{"start":{"line":163,"column":6},"end":{"line":163,"column":24}},"86":{"start":{"line":168,"column":3},"end":{"line":168,"column":111}},"87":{"start":{"line":169,"column":3},"end":{"line":200,"column":9}},"88":{"start":{"line":170,"column":4},"end":{"line":170,"column":20}},"89":{"start":{"line":171,"column":4},"end":{"line":173,"column":7}},"90":{"start":{"line":172,"column":5},"end":{"line":172,"column":20}},"91":{"start":{"line":174,"column":4},"end":{"line":199,"column":7}},"92":{"start":{"line":175,"column":8},"end":{"line":198,"column":6}},"93":{"start":{"line":176,"column":6},"end":{"line":192,"column":9}},"94":{"start":{"line":177,"column":7},"end":{"line":191,"column":8}},"95":{"start":{"line":178,"column":8},"end":{"line":178,"column":19}},"96":{"start":{"line":179,"column":8},"end":{"line":179,"column":75}},"97":{"start":{"line":181,"column":8},"end":{"line":181,"column":47}},"98":{"start":{"line":182,"column":8},"end":{"line":183,"column":62}},"99":{"start":{"line":184,"column":8},"end":{"line":190,"column":9}},"100":{"start":{"line":185,"column":9},"end":{"line":186,"column":79}},"101":{"start":{"line":188,"column":9},"end":{"line":189,"column":79}},"102":{"start":{"line":194,"column":6},"end":{"line":195,"column":73}},"103":{"start":{"line":196,"column":6},"end":{"line":196,"column":23}},"104":{"start":{"line":197,"column":6},"end":{"line":197,"column":43}},"105":{"start":{"line":205,"column":0},"end":{"line":226,"column":3}},"106":{"start":{"line":208,"column":1},"end":{"line":208,"column":50}},"107":{"start":{"line":209,"column":1},"end":{"line":209,"column":32}},"108":{"start":{"line":210,"column":1},"end":{"line":210,"column":48}},"109":{"start":{"line":212,"column":1},"end":{"line":225,"column":4}},"110":{"start":{"line":213,"column":2},"end":{"line":224,"column":3}},"111":{"start":{"line":214,"column":3},"end":{"line":214,"column":68}},"112":{"start":{"line":216,"column":3},"end":{"line":223,"column":6}},"113":{"start":{"line":217,"column":4},"end":{"line":222,"column":5}},"114":{"start":{"line":218,"column":5},"end":{"line":218,"column":16}},"115":{"start":{"line":219,"column":5},"end":{"line":219,"column":89}},"116":{"start":{"line":221,"column":5},"end":{"line":221,"column":67}},"117":{"start":{"line":228,"column":0},"end":{"line":230,"column":3}},"118":{"start":{"line":229,"column":1},"end":{"line":229,"column":82}},"119":{"start":{"line":232,"column":0},"end":{"line":257,"column":3}},"120":{"start":{"line":233,"column":1},"end":{"line":233,"column":47}},"121":{"start":{"line":234,"column":1},"end":{"line":234,"column":68}},"122":{"start":{"line":235,"column":1},"end":{"line":235,"column":46}},"123":{"start":{"line":236,"column":1},"end":{"line":236,"column":20}},"124":{"start":{"line":237,"column":1},"end":{"line":237,"column":16}},"125":{"start":{"line":238,"column":1},"end":{"line":255,"column":3}},"126":{"start":{"line":239,"column":2},"end":{"line":254,"column":3}},"127":{"start":{"line":240,"column":3},"end":{"line":240,"column":93}},"128":{"start":{"line":242,"column":3},"end":{"line":250,"column":4}},"129":{"start":{"line":243,"column":4},"end":{"line":243,"column":49}},"130":{"start":{"line":244,"column":4},"end":{"line":248,"column":5}},"131":{"start":{"line":249,"column":4},"end":{"line":249,"column":31}},"132":{"start":{"line":251,"column":3},"end":{"line":251,"column":45}},"133":{"start":{"line":252,"column":3},"end":{"line":252,"column":55}},"134":{"start":{"line":253,"column":3},"end":{"line":253,"column":25}},"135":{"start":{"line":256,"column":1},"end":{"line":256,"column":30}},"136":{"start":{"line":259,"column":0},"end":{"line":265,"column":3}},"137":{"start":{"line":260,"column":1},"end":{"line":264,"column":2}},"138":{"start":{"line":261,"column":2},"end":{"line":261,"column":33}},"139":{"start":{"line":263,"column":2},"end":{"line":263,"column":33}}},"branchMap":{"1":{"line":45,"type":"if","locations":[{"start":{"line":45,"column":1},"end":{"line":45,"column":1}},{"start":{"line":45,"column":1},"end":{"line":45,"column":1}}]},"2":{"line":56,"type":"if","locations":[{"start":{"line":56,"column":1},"end":{"line":56,"column":1}},{"start":{"line":56,"column":1},"end":{"line":56,"column":1}}]},"3":{"line":78,"type":"if","locations":[{"start":{"line":78,"column":7},"end":{"line":78,"column":7}},{"start":{"line":78,"column":7},"end":{"line":78,"column":7}}]},"4":{"line":107,"type":"if","locations":[{"start":{"line":107,"column":2},"end":{"line":107,"column":2}},{"start":{"line":107,"column":2},"end":{"line":107,"column":2}}]},"5":{"line":109,"type":"if","locations":[{"start":{"line":109,"column":6},"end":{"line":109,"column":6}},{"start":{"line":109,"column":6},"end":{"line":109,"column":6}}]},"6":{"line":112,"type":"if","locations":[{"start":{"line":112,"column":7},"end":{"line":112,"column":7}},{"start":{"line":112,"column":7},"end":{"line":112,"column":7}}]},"7":{"line":117,"type":"if","locations":[{"start":{"line":117,"column":6},"end":{"line":117,"column":6}},{"start":{"line":117,"column":6},"end":{"line":117,"column":6}}]},"8":{"line":120,"type":"if","locations":[{"start":{"line":120,"column":7},"end":{"line":120,"column":7}},{"start":{"line":120,"column":7},"end":{"line":120,"column":7}}]},"9":{"line":120,"type":"binary-expr","locations":[{"start":{"line":120,"column":11},"end":{"line":120,"column":33}},{"start":{"line":120,"column":37},"end":{"line":120,"column":68}}]},"10":{"line":132,"type":"if","locations":[{"start":{"line":132,"column":1},"end":{"line":132,"column":1}},{"start":{"line":132,"column":1},"end":{"line":132,"column":1}}]},"11":{"line":154,"type":"if","locations":[{"start":{"line":154,"column":7},"end":{"line":154,"column":7}},{"start":{"line":154,"column":7},"end":{"line":154,"column":7}}]},"12":{"line":157,"type":"if","locations":[{"start":{"line":157,"column":9},"end":{"line":157,"column":9}},{"start":{"line":157,"column":9},"end":{"line":157,"column":9}}]},"13":{"line":162,"type":"if","locations":[{"start":{"line":162,"column":5},"end":{"line":162,"column":5}},{"start":{"line":162,"column":5},"end":{"line":162,"column":5}}]},"14":{"line":175,"type":"if","locations":[{"start":{"line":175,"column":8},"end":{"line":175,"column":8}},{"start":{"line":175,"column":8},"end":{"line":175,"column":8}}]},"15":{"line":175,"type":"binary-expr","locations":[{"start":{"line":175,"column":12},"end":{"line":175,"column":33}},{"start":{"line":175,"column":37},"end":{"line":175,"column":57}}]},"16":{"line":177,"type":"if","locations":[{"start":{"line":177,"column":7},"end":{"line":177,"column":7}},{"start":{"line":177,"column":7},"end":{"line":177,"column":7}}]},"17":{"line":184,"type":"if","locations":[{"start":{"line":184,"column":8},"end":{"line":184,"column":8}},{"start":{"line":184,"column":8},"end":{"line":184,"column":8}}]},"18":{"line":213,"type":"if","locations":[{"start":{"line":213,"column":2},"end":{"line":213,"column":2}},{"start":{"line":213,"column":2},"end":{"line":213,"column":2}}]},"19":{"line":217,"type":"if","locations":[{"start":{"line":217,"column":4},"end":{"line":217,"column":4}},{"start":{"line":217,"column":4},"end":{"line":217,"column":4}}]},"20":{"line":239,"type":"if","locations":[{"start":{"line":239,"column":2},"end":{"line":239,"column":2}},{"start":{"line":239,"column":2},"end":{"line":239,"column":2}}]},"21":{"line":260,"type":"if","locations":[{"start":{"line":260,"column":1},"end":{"line":260,"column":1}},{"start":{"line":260,"column":1},"end":{"line":260,"column":1}}]}}},"/media/colin/data/CloudStation/work/linkeddata/sparql-router/lib/functions.js":{"path":"/media/colin/data/CloudStation/work/linkeddata/sparql-router/lib/functions.js","s":{"1":1,"2":1,"3":1,"4":1,"5":1,"6":1,"7":1,"8":95,"9":95,"10":95,"11":0,"12":1,"13":23,"14":23,"15":23,"16":1,"17":24,"18":24,"19":24,"20":5,"21":24,"22":0,"23":24,"24":24,"25":24,"26":14,"27":24,"28":24,"29":24,"30":23,"31":23,"32":23,"33":25,"34":23,"35":23,"36":23,"37":23,"38":23,"39":23,"40":23,"41":23,"42":24,"43":0,"44":0,"45":24,"46":24,"47":1,"48":25,"49":1,"50":24,"51":24,"52":24,"53":24,"54":24,"55":24,"56":24,"57":24,"58":1,"59":1,"60":1,"61":1,"62":1,"63":23,"64":23,"65":24,"66":24,"67":0,"68":24,"69":1,"70":5,"71":5,"72":5,"73":6,"74":6,"75":6,"76":5,"77":1,"78":5,"79":5,"80":5,"81":5,"82":5,"83":5,"84":6,"85":7,"86":1,"87":5,"88":5,"89":1,"90":3,"91":3,"92":0,"93":3,"94":1,"95":7,"96":7,"97":15,"98":6,"99":6,"100":7,"101":1,"102":1,"103":1,"104":5,"105":1,"106":6,"107":6,"108":1,"109":4,"110":4,"111":9,"112":3,"113":3,"114":3,"115":4,"116":1,"117":1,"118":1,"119":5,"120":1,"121":3,"122":3,"123":1,"124":2,"125":2,"126":2,"127":2,"128":2,"129":1,"130":2,"131":1,"132":4},"b":{"1":[95,0],"2":[5,19],"3":[24,15],"4":[0,24],"5":[14,10],"6":[24,15],"7":[23,0],"8":[23,0],"9":[1,23],"10":[0,24],"11":[5,0],"12":[1,6],"13":[0,3],"14":[3,3,3],"15":[6,9],"16":[1,6],"17":[6,0],"18":[3,6],"19":[1,3],"20":[3,0],"21":[1,1]},"f":{"1":95,"2":23,"3":24,"4":25,"5":24,"6":5,"7":5,"8":3,"9":7,"10":4,"11":2,"12":4},"fnMap":{"1":{"name":"(anonymous_1)","line":24,"loc":{"start":{"line":24,"column":30},"end":{"line":24,"column":49}}},"2":{"name":"(anonymous_2)","line":33,"loc":{"start":{"line":33,"column":26},"end":{"line":33,"column":43}}},"3":{"name":"(anonymous_3)","line":39,"loc":{"start":{"line":39,"column":29},"end":{"line":39,"column":66}}},"4":{"name":"(anonymous_4)","line":85,"loc":{"start":{"line":85,"column":34},"end":{"line":85,"column":72}}},"5":{"name":"(anonymous_5)","line":91,"loc":{"start":{"line":91,"column":32},"end":{"line":91,"column":50}}},"6":{"name":"(anonymous_6)","line":124,"loc":{"start":{"line":124,"column":46},"end":{"line":124,"column":64}}},"7":{"name":"(anonymous_7)","line":142,"loc":{"start":{"line":142,"column":47},"end":{"line":142,"column":84}}},"8":{"name":"(anonymous_8)","line":164,"loc":{"start":{"line":164,"column":31},"end":{"line":164,"column":42}}},"9":{"name":"(anonymous_9)","line":177,"loc":{"start":{"line":177,"column":40},"end":{"line":177,"column":90}}},"10":{"name":"(anonymous_10)","line":200,"loc":{"start":{"line":200,"column":32},"end":{"line":200,"column":82}}},"11":{"name":"(anonymous_11)","line":225,"loc":{"start":{"line":225,"column":34},"end":{"line":225,"column":55}}},"12":{"name":"(anonymous_12)","line":240,"loc":{"start":{"line":240,"column":32},"end":{"line":240,"column":44}}}},"statementMap":{"1":{"start":{"line":1,"column":0},"end":{"line":1,"column":23}},"2":{"start":{"line":2,"column":0},"end":{"line":2,"column":27}},"3":{"start":{"line":3,"column":0},"end":{"line":3,"column":28}},"4":{"start":{"line":4,"column":0},"end":{"line":4,"column":29}},"5":{"start":{"line":5,"column":0},"end":{"line":5,"column":31}},"6":{"start":{"line":6,"column":0},"end":{"line":6,"column":35}},"7":{"start":{"line":24,"column":0},"end":{"line":31,"column":2}},"8":{"start":{"line":25,"column":1},"end":{"line":25,"column":26}},"9":{"start":{"line":27,"column":1},"end":{"line":30,"column":13}},"10":{"start":{"line":28,"column":2},"end":{"line":28,"column":26}},"11":{"start":{"line":30,"column":2},"end":{"line":30,"column":13}},"12":{"start":{"line":33,"column":0},"end":{"line":37,"column":2}},"13":{"start":{"line":34,"column":4},"end":{"line":34,"column":26}},"14":{"start":{"line":35,"column":4},"end":{"line":35,"column":27}},"15":{"start":{"line":36,"column":4},"end":{"line":36,"column":36}},"16":{"start":{"line":39,"column":0},"end":{"line":83,"column":2}},"17":{"start":{"line":40,"column":1},"end":{"line":40,"column":17}},"18":{"start":{"line":41,"column":1},"end":{"line":41,"column":17}},"19":{"start":{"line":43,"column":2},"end":{"line":45,"column":3}},"20":{"start":{"line":44,"column":3},"end":{"line":44,"column":66}},"21":{"start":{"line":47,"column":1},"end":{"line":47,"column":84}},"22":{"start":{"line":47,"column":48},"end":{"line":47,"column":62}},"23":{"start":{"line":47,"column":70},"end":{"line":47,"column":83}},"24":{"start":{"line":49,"column":1},"end":{"line":49,"column":54}},"25":{"start":{"line":51,"column":1},"end":{"line":51,"column":108}},"26":{"start":{"line":51,"column":58},"end":{"line":51,"column":108}},"27":{"start":{"line":53,"column":1},"end":{"line":53,"column":43}},"28":{"start":{"line":55,"column":1},"end":{"line":55,"column":23}},"29":{"start":{"line":57,"column":1},"end":{"line":75,"column":4}},"30":{"start":{"line":58,"column":4},"end":{"line":58,"column":53}},"31":{"start":{"line":59,"column":2},"end":{"line":59,"column":26}},"32":{"start":{"line":60,"column":2},"end":{"line":62,"column":5}},"33":{"start":{"line":61,"column":3},"end":{"line":61,"column":18}},"34":{"start":{"line":63,"column":2},"end":{"line":74,"column":4}},"35":{"start":{"line":64,"column":3},"end":{"line":64,"column":25}},"36":{"start":{"line":65,"column":3},"end":{"line":67,"column":4}},"37":{"start":{"line":66,"column":4},"end":{"line":66,"column":62}},"38":{"start":{"line":68,"column":3},"end":{"line":70,"column":4}},"39":{"start":{"line":69,"column":4},"end":{"line":69,"column":45}},"40":{"start":{"line":72,"column":3},"end":{"line":72,"column":58}},"41":{"start":{"line":73,"column":3},"end":{"line":73,"column":38}},"42":{"start":{"line":76,"column":1},"end":{"line":79,"column":4}},"43":{"start":{"line":77,"column":2},"end":{"line":77,"column":59}},"44":{"start":{"line":78,"column":2},"end":{"line":78,"column":73}},"45":{"start":{"line":80,"column":1},"end":{"line":80,"column":30}},"46":{"start":{"line":81,"column":1},"end":{"line":81,"column":11}},"47":{"start":{"line":85,"column":0},"end":{"line":89,"column":2}},"48":{"start":{"line":86,"column":1},"end":{"line":88,"column":16}},"49":{"start":{"line":91,"column":0},"end":{"line":122,"column":2}},"50":{"start":{"line":92,"column":1},"end":{"line":92,"column":37}},"51":{"start":{"line":93,"column":1},"end":{"line":93,"column":20}},"52":{"start":{"line":94,"column":1},"end":{"line":94,"column":17}},"53":{"start":{"line":95,"column":1},"end":{"line":95,"column":15}},"54":{"start":{"line":96,"column":1},"end":{"line":96,"column":15}},"55":{"start":{"line":97,"column":1},"end":{"line":97,"column":18}},"56":{"start":{"line":98,"column":1},"end":{"line":98,"column":45}},"57":{"start":{"line":99,"column":1},"end":{"line":108,"column":2}},"58":{"start":{"line":100,"column":2},"end":{"line":100,"column":128}},"59":{"start":{"line":101,"column":2},"end":{"line":101,"column":18}},"60":{"start":{"line":102,"column":2},"end":{"line":102,"column":26}},"61":{"start":{"line":103,"column":2},"end":{"line":103,"column":64}},"62":{"start":{"line":104,"column":2},"end":{"line":104,"column":67}},"63":{"start":{"line":106,"column":2},"end":{"line":106,"column":126}},"64":{"start":{"line":107,"column":2},"end":{"line":107,"column":17}},"65":{"start":{"line":110,"column":1},"end":{"line":117,"column":3}},"66":{"start":{"line":118,"column":1},"end":{"line":120,"column":2}},"67":{"start":{"line":119,"column":2},"end":{"line":119,"column":69}},"68":{"start":{"line":121,"column":1},"end":{"line":121,"column":16}},"69":{"start":{"line":124,"column":0},"end":{"line":140,"column":2}},"70":{"start":{"line":127,"column":1},"end":{"line":130,"column":2}},"71":{"start":{"line":129,"column":2},"end":{"line":129,"column":110}},"72":{"start":{"line":133,"column":1},"end":{"line":138,"column":2}},"73":{"start":{"line":135,"column":2},"end":{"line":135,"column":107}},"74":{"start":{"line":136,"column":2},"end":{"line":136,"column":59}},"75":{"start":{"line":137,"column":2},"end":{"line":137,"column":88}},"76":{"start":{"line":139,"column":1},"end":{"line":139,"column":16}},"77":{"start":{"line":142,"column":0},"end":{"line":162,"column":2}},"78":{"start":{"line":143,"column":1},"end":{"line":143,"column":37}},"79":{"start":{"line":144,"column":1},"end":{"line":144,"column":33}},"80":{"start":{"line":145,"column":1},"end":{"line":145,"column":43}},"81":{"start":{"line":146,"column":1},"end":{"line":146,"column":39}},"82":{"start":{"line":148,"column":1},"end":{"line":148,"column":43}},"83":{"start":{"line":151,"column":1},"end":{"line":158,"column":2}},"84":{"start":{"line":152,"column":2},"end":{"line":157,"column":3}},"85":{"start":{"line":153,"column":3},"end":{"line":155,"column":4}},"86":{"start":{"line":154,"column":4},"end":{"line":154,"column":57}},"87":{"start":{"line":160,"column":1},"end":{"line":160,"column":46}},"88":{"start":{"line":161,"column":1},"end":{"line":161,"column":18}},"89":{"start":{"line":164,"column":0},"end":{"line":175,"column":2}},"90":{"start":{"line":165,"column":1},"end":{"line":165,"column":48}},"91":{"start":{"line":166,"column":1},"end":{"line":174,"column":2}},"92":{"start":{"line":171,"column":2},"end":{"line":171,"column":26}},"93":{"start":{"line":173,"column":2},"end":{"line":173,"column":12}},"94":{"start":{"line":177,"column":0},"end":{"line":198,"column":1}},"95":{"start":{"line":178,"column":1},"end":{"line":178,"column":30}},"96":{"start":{"line":180,"column":1},"end":{"line":185,"column":2}},"97":{"start":{"line":181,"column":2},"end":{"line":184,"column":3}},"98":{"start":{"line":182,"column":3},"end":{"line":182,"column":27}},"99":{"start":{"line":183,"column":3},"end":{"line":183,"column":9}},"100":{"start":{"line":186,"column":1},"end":{"line":197,"column":2}},"101":{"start":{"line":187,"column":2},"end":{"line":187,"column":23}},"102":{"start":{"line":188,"column":2},"end":{"line":188,"column":122}},"103":{"start":{"line":189,"column":2},"end":{"line":191,"column":3}},"104":{"start":{"line":190,"column":3},"end":{"line":190,"column":43}},"105":{"start":{"line":192,"column":2},"end":{"line":192,"column":63}},"106":{"start":{"line":194,"column":2},"end":{"line":196,"column":3}},"107":{"start":{"line":195,"column":2},"end":{"line":195,"column":61}},"108":{"start":{"line":200,"column":0},"end":{"line":223,"column":1}},"109":{"start":{"line":201,"column":1},"end":{"line":201,"column":28}},"110":{"start":{"line":203,"column":1},"end":{"line":209,"column":2}},"111":{"start":{"line":204,"column":2},"end":{"line":208,"column":3}},"112":{"start":{"line":205,"column":3},"end":{"line":205,"column":50}},"113":{"start":{"line":206,"column":3},"end":{"line":206,"column":25}},"114":{"start":{"line":207,"column":3},"end":{"line":207,"column":9}},"115":{"start":{"line":210,"column":1},"end":{"line":222,"column":2}},"116":{"start":{"line":211,"column":2},"end":{"line":211,"column":23}},"117":{"start":{"line":212,"column":2},"end":{"line":213,"column":93}},"118":{"start":{"line":214,"column":2},"end":{"line":216,"column":3}},"119":{"start":{"line":215,"column":3},"end":{"line":215,"column":37}},"120":{"start":{"line":217,"column":2},"end":{"line":217,"column":63}},"121":{"start":{"line":219,"column":2},"end":{"line":221,"column":3}},"122":{"start":{"line":220,"column":2},"end":{"line":220,"column":61}},"123":{"start":{"line":225,"column":0},"end":{"line":238,"column":2}},"124":{"start":{"line":226,"column":2},"end":{"line":226,"column":52}},"125":{"start":{"line":227,"column":2},"end":{"line":231,"column":4}},"126":{"start":{"line":232,"column":2},"end":{"line":232,"column":25}},"127":{"start":{"line":233,"column":2},"end":{"line":233,"column":37}},"128":{"start":{"line":234,"column":2},"end":{"line":236,"column":3}},"129":{"start":{"line":235,"column":4},"end":{"line":235,"column":24}},"130":{"start":{"line":237,"column":2},"end":{"line":237,"column":16}},"131":{"start":{"line":240,"column":0},"end":{"line":243,"column":2}},"132":{"start":{"line":241,"column":2},"end":{"line":242,"column":46}}},"branchMap":{"1":{"line":27,"type":"if","locations":[{"start":{"line":27,"column":1},"end":{"line":27,"column":1}},{"start":{"line":27,"column":1},"end":{"line":27,"column":1}}]},"2":{"line":43,"type":"if","locations":[{"start":{"line":43,"column":2},"end":{"line":43,"column":2}},{"start":{"line":43,"column":2},"end":{"line":43,"column":2}}]},"3":{"line":43,"type":"binary-expr","locations":[{"start":{"line":43,"column":6},"end":{"line":43,"column":28}},{"start":{"line":43,"column":32},"end":{"line":43,"column":78}}]},"4":{"line":47,"type":"if","locations":[{"start":{"line":47,"column":1},"end":{"line":47,"column":1}},{"start":{"line":47,"column":1},"end":{"line":47,"column":1}}]},"5":{"line":51,"type":"if","locations":[{"start":{"line":51,"column":1},"end":{"line":51,"column":1}},{"start":{"line":51,"column":1},"end":{"line":51,"column":1}}]},"6":{"line":51,"type":"binary-expr","locations":[{"start":{"line":51,"column":5},"end":{"line":51,"column":26}},{"start":{"line":51,"column":30},"end":{"line":51,"column":56}}]},"7":{"line":65,"type":"if","locations":[{"start":{"line":65,"column":3},"end":{"line":65,"column":3}},{"start":{"line":65,"column":3},"end":{"line":65,"column":3}}]},"8":{"line":68,"type":"if","locations":[{"start":{"line":68,"column":3},"end":{"line":68,"column":3}},{"start":{"line":68,"column":3},"end":{"line":68,"column":3}}]},"9":{"line":99,"type":"if","locations":[{"start":{"line":99,"column":1},"end":{"line":99,"column":1}},{"start":{"line":99,"column":1},"end":{"line":99,"column":1}}]},"10":{"line":118,"type":"if","locations":[{"start":{"line":118,"column":1},"end":{"line":118,"column":1}},{"start":{"line":118,"column":1},"end":{"line":118,"column":1}}]},"11":{"line":127,"type":"if","locations":[{"start":{"line":127,"column":1},"end":{"line":127,"column":1}},{"start":{"line":127,"column":1},"end":{"line":127,"column":1}}]},"12":{"line":153,"type":"if","locations":[{"start":{"line":153,"column":3},"end":{"line":153,"column":3}},{"start":{"line":153,"column":3},"end":{"line":153,"column":3}}]},"13":{"line":166,"type":"if","locations":[{"start":{"line":166,"column":1},"end":{"line":166,"column":1}},{"start":{"line":166,"column":1},"end":{"line":166,"column":1}}]},"14":{"line":167,"type":"binary-expr","locations":[{"start":{"line":167,"column":1},"end":{"line":167,"column":17}},{"start":{"line":168,"column":1},"end":{"line":168,"column":18}},{"start":{"line":169,"column":1},"end":{"line":169,"column":17}}]},"15":{"line":181,"type":"if","locations":[{"start":{"line":181,"column":2},"end":{"line":181,"column":2}},{"start":{"line":181,"column":2},"end":{"line":181,"column":2}}]},"16":{"line":186,"type":"if","locations":[{"start":{"line":186,"column":1},"end":{"line":186,"column":1}},{"start":{"line":186,"column":1},"end":{"line":186,"column":1}}]},"17":{"line":194,"type":"if","locations":[{"start":{"line":194,"column":2},"end":{"line":194,"column":2}},{"start":{"line":194,"column":2},"end":{"line":194,"column":2}}]},"18":{"line":204,"type":"if","locations":[{"start":{"line":204,"column":2},"end":{"line":204,"column":2}},{"start":{"line":204,"column":2},"end":{"line":204,"column":2}}]},"19":{"line":210,"type":"if","locations":[{"start":{"line":210,"column":1},"end":{"line":210,"column":1}},{"start":{"line":210,"column":1},"end":{"line":210,"column":1}}]},"20":{"line":219,"type":"if","locations":[{"start":{"line":219,"column":2},"end":{"line":219,"column":2}},{"start":{"line":219,"column":2},"end":{"line":219,"column":2}}]},"21":{"line":234,"type":"if","locations":[{"start":{"line":234,"column":2},"end":{"line":234,"column":2}},{"start":{"line":234,"column":2},"end":{"line":234,"column":2}}]}}}}