{"/media/colin/data/CloudStation/work/linkeddata/sparql-router/app.js":{"path":"/media/colin/data/CloudStation/work/linkeddata/sparql-router/app.js","s":{"1":1,"2":1,"3":1,"4":1,"5":1,"6":1,"7":1,"8":1,"9":1,"10":1,"11":1,"12":1,"13":1,"14":1,"15":1,"16":1,"17":1,"18":1,"19":0,"20":1,"21":1,"22":1,"23":1,"24":1,"25":0,"26":1,"27":1,"28":1,"29":1,"30":1,"31":0,"32":1,"33":1,"34":1,"35":1,"36":1,"37":1,"38":1,"39":51,"40":51,"41":51,"42":1,"43":1,"44":11,"45":11,"46":0,"47":1},"b":{"1":[0,1],"2":[0,1],"3":[0,1],"4":[11,0],"5":[11,0,0,0]},"f":{"1":1,"2":1,"3":1,"4":51,"5":11},"fnMap":{"1":{"name":"(anonymous_1)","line":38,"loc":{"start":{"line":38,"column":64},"end":{"line":38,"column":79}}},"2":{"name":"(anonymous_2)","line":46,"loc":{"start":{"line":46,"column":37},"end":{"line":46,"column":58}}},"3":{"name":"(anonymous_3)","line":51,"loc":{"start":{"line":51,"column":74},"end":{"line":51,"column":89}}},"4":{"name":"(anonymous_4)","line":71,"loc":{"start":{"line":71,"column":8},"end":{"line":71,"column":33}}},"5":{"name":"(anonymous_5)","line":81,"loc":{"start":{"line":81,"column":2},"end":{"line":81,"column":35}}}},"statementMap":{"1":{"start":{"line":1,"column":0},"end":{"line":1,"column":54}},"2":{"start":{"line":2,"column":0},"end":{"line":2,"column":35}},"3":{"start":{"line":3,"column":0},"end":{"line":3,"column":35}},"4":{"start":{"line":4,"column":0},"end":{"line":4,"column":33}},"5":{"start":{"line":5,"column":0},"end":{"line":5,"column":31}},"6":{"start":{"line":6,"column":0},"end":{"line":6,"column":31}},"7":{"start":{"line":7,"column":0},"end":{"line":7,"column":29}},"8":{"start":{"line":8,"column":0},"end":{"line":8,"column":23}},"9":{"start":{"line":9,"column":0},"end":{"line":9,"column":20}},"10":{"start":{"line":11,"column":0},"end":{"line":11,"column":37}},"11":{"start":{"line":14,"column":0},"end":{"line":14,"column":43}},"12":{"start":{"line":33,"column":0},"end":{"line":33,"column":44}},"13":{"start":{"line":34,"column":0},"end":{"line":34,"column":39}},"14":{"start":{"line":35,"column":0},"end":{"line":35,"column":79}},"15":{"start":{"line":36,"column":0},"end":{"line":36,"column":23}},"16":{"start":{"line":37,"column":0},"end":{"line":37,"column":56}},"17":{"start":{"line":38,"column":0},"end":{"line":41,"column":3}},"18":{"start":{"line":39,"column":2},"end":{"line":39,"column":35}},"19":{"start":{"line":39,"column":11},"end":{"line":39,"column":35}},"20":{"start":{"line":40,"column":2},"end":{"line":40,"column":57}},"21":{"start":{"line":44,"column":0},"end":{"line":44,"column":47}},"22":{"start":{"line":45,"column":0},"end":{"line":45,"column":45}},"23":{"start":{"line":46,"column":0},"end":{"line":56,"column":3}},"24":{"start":{"line":47,"column":2},"end":{"line":55,"column":3}},"25":{"start":{"line":47,"column":12},"end":{"line":47,"column":21}},"26":{"start":{"line":48,"column":4},"end":{"line":48,"column":40}},"27":{"start":{"line":49,"column":4},"end":{"line":49,"column":59}},"28":{"start":{"line":50,"column":4},"end":{"line":50,"column":56}},"29":{"start":{"line":51,"column":4},"end":{"line":54,"column":7}},"30":{"start":{"line":52,"column":6},"end":{"line":52,"column":39}},"31":{"start":{"line":52,"column":15},"end":{"line":52,"column":39}},"32":{"start":{"line":53,"column":6},"end":{"line":53,"column":60}},"33":{"start":{"line":62,"column":0},"end":{"line":62,"column":65}},"34":{"start":{"line":63,"column":0},"end":{"line":63,"column":66}},"35":{"start":{"line":64,"column":0},"end":{"line":64,"column":64}},"36":{"start":{"line":68,"column":0},"end":{"line":68,"column":18}},"37":{"start":{"line":70,"column":0},"end":{"line":70,"column":34}},"38":{"start":{"line":71,"column":0},"end":{"line":75,"column":3}},"39":{"start":{"line":72,"column":2},"end":{"line":72,"column":49}},"40":{"start":{"line":73,"column":2},"end":{"line":73,"column":95}},"41":{"start":{"line":74,"column":2},"end":{"line":74,"column":9}},"42":{"start":{"line":77,"column":0},"end":{"line":77,"column":12}},"43":{"start":{"line":80,"column":0},"end":{"line":94,"column":4}},"44":{"start":{"line":82,"column":4},"end":{"line":92,"column":5}},"45":{"start":{"line":89,"column":5},"end":{"line":89,"column":31}},"46":{"start":{"line":91,"column":5},"end":{"line":91,"column":28}},"47":{"start":{"line":98,"column":0},"end":{"line":98,"column":21}}},"branchMap":{"1":{"line":39,"type":"if","locations":[{"start":{"line":39,"column":2},"end":{"line":39,"column":2}},{"start":{"line":39,"column":2},"end":{"line":39,"column":2}}]},"2":{"line":47,"type":"if","locations":[{"start":{"line":47,"column":2},"end":{"line":47,"column":2}},{"start":{"line":47,"column":2},"end":{"line":47,"column":2}}]},"3":{"line":52,"type":"if","locations":[{"start":{"line":52,"column":6},"end":{"line":52,"column":6}},{"start":{"line":52,"column":6},"end":{"line":52,"column":6}}]},"4":{"line":82,"type":"if","locations":[{"start":{"line":82,"column":4},"end":{"line":82,"column":4}},{"start":{"line":82,"column":4},"end":{"line":82,"column":4}}]},"5":{"line":83,"type":"binary-expr","locations":[{"start":{"line":83,"column":6},"end":{"line":83,"column":48}},{"start":{"line":84,"column":7},"end":{"line":84,"column":48}},{"start":{"line":85,"column":6},"end":{"line":85,"column":41}},{"start":{"line":86,"column":6},"end":{"line":86,"column":45}}]}}},"/media/colin/data/CloudStation/work/linkeddata/sparql-router/lib/routes.js":{"path":"/media/colin/data/CloudStation/work/linkeddata/sparql-router/lib/routes.js","s":{"1":1,"2":1,"3":1,"4":1,"5":1,"6":1,"7":1,"8":1,"9":1,"10":1,"11":0,"12":1,"13":1,"14":8,"15":8,"16":8,"17":1,"18":7,"19":7,"20":1,"21":1,"22":1,"23":3,"24":3,"25":2,"26":3,"27":3,"28":1,"29":2,"30":2,"31":1,"32":2,"33":1,"34":20,"35":20,"36":20,"37":20,"38":20,"39":20,"40":20,"41":20,"42":90,"43":17,"44":17,"45":0,"46":17,"47":17,"48":6,"49":6,"50":6,"51":17,"52":4,"53":13,"54":7,"55":6,"56":6,"57":17,"58":20,"59":3,"60":1,"61":6,"62":6,"63":6,"64":6,"65":6,"66":6,"67":6,"68":6,"69":5,"70":6,"71":6,"72":0,"73":6,"74":1,"75":5,"76":5,"77":2,"78":5,"79":5,"80":5,"81":5,"82":5,"83":5,"84":5,"85":3,"86":3,"87":0,"88":0,"89":3,"90":3,"91":3,"92":1,"93":2,"94":2,"95":2,"96":2,"97":1,"98":3,"99":3,"100":3,"101":3,"102":3,"103":1,"104":2,"105":2,"106":0,"107":0,"108":2,"109":1,"110":1,"111":1,"112":1,"113":1,"114":1,"115":1,"116":1,"117":1,"118":1,"119":0,"120":1,"121":5,"122":5,"123":5,"124":1,"125":1,"126":1,"127":1,"128":1,"129":1,"130":1,"131":0},"b":{"1":[0,1],"2":[1,7],"3":[1,2],"4":[17,73],"5":[0,17],"6":[6,0],"7":[4,13],"8":[7,6],"9":[13,7],"10":[3,17],"11":[0,6],"12":[1,5],"13":[2,3],"14":[3,2],"15":[5,5],"16":[0,3],"17":[1,2],"18":[1,2],"19":[0,2],"20":[0,1],"21":[1,0]},"f":{"1":1,"2":1,"3":8,"4":1,"5":3,"6":2,"7":3,"8":2,"9":20,"10":17,"11":6,"12":5,"13":6,"14":5,"15":3,"16":3,"17":3,"18":2,"19":1,"20":1,"21":1,"22":1},"fnMap":{"1":{"name":"(anonymous_1)","line":29,"loc":{"start":{"line":29,"column":17},"end":{"line":29,"column":31}}},"2":{"name":"(anonymous_2)","line":32,"loc":{"start":{"line":32,"column":17},"end":{"line":32,"column":44}}},"3":{"name":"(anonymous_3)","line":42,"loc":{"start":{"line":42,"column":18},"end":{"line":42,"column":45}}},"4":{"name":"(anonymous_4)","line":54,"loc":{"start":{"line":54,"column":18},"end":{"line":54,"column":45}}},"5":{"name":"(anonymous_5)","line":58,"loc":{"start":{"line":58,"column":19},"end":{"line":58,"column":46}}},"6":{"name":"(anonymous_6)","line":61,"loc":{"start":{"line":61,"column":23},"end":{"line":61,"column":39}}},"7":{"name":"(anonymous_7)","line":66,"loc":{"start":{"line":66,"column":22},"end":{"line":66,"column":34}}},"8":{"name":"(anonymous_8)","line":79,"loc":{"start":{"line":79,"column":0},"end":{"line":79,"column":33}}},"9":{"name":"(anonymous_9)","line":83,"loc":{"start":{"line":83,"column":80},"end":{"line":83,"column":113}}},"10":{"name":"(anonymous_10)","line":97,"loc":{"start":{"line":97,"column":59},"end":{"line":97,"column":80}}},"11":{"name":"(anonymous_11)","line":128,"loc":{"start":{"line":128,"column":0},"end":{"line":128,"column":27}}},"12":{"name":"(anonymous_12)","line":137,"loc":{"start":{"line":137,"column":20},"end":{"line":137,"column":36}}},"13":{"name":"(anonymous_13)","line":142,"loc":{"start":{"line":142,"column":21},"end":{"line":142,"column":33}}},"14":{"name":"(anonymous_14)","line":150,"loc":{"start":{"line":150,"column":20},"end":{"line":150,"column":40}}},"15":{"name":"(anonymous_15)","line":165,"loc":{"start":{"line":165,"column":42},"end":{"line":165,"column":57}}},"16":{"name":"(anonymous_16)","line":196,"loc":{"start":{"line":196,"column":0},"end":{"line":196,"column":27}}},"17":{"name":"(anonymous_17)","line":201,"loc":{"start":{"line":201,"column":18},"end":{"line":201,"column":38}}},"18":{"name":"(anonymous_18)","line":205,"loc":{"start":{"line":205,"column":23},"end":{"line":205,"column":38}}},"19":{"name":"(anonymous_19)","line":217,"loc":{"start":{"line":217,"column":48},"end":{"line":217,"column":75}}},"20":{"name":"(anonymous_20)","line":221,"loc":{"start":{"line":221,"column":32},"end":{"line":221,"column":59}}},"21":{"name":"(anonymous_21)","line":227,"loc":{"start":{"line":227,"column":16},"end":{"line":227,"column":36}}},"22":{"name":"(anonymous_22)","line":248,"loc":{"start":{"line":248,"column":14},"end":{"line":248,"column":41}}}},"statementMap":{"1":{"start":{"line":1,"column":0},"end":{"line":1,"column":35}},"2":{"start":{"line":2,"column":0},"end":{"line":2,"column":31}},"3":{"start":{"line":3,"column":0},"end":{"line":3,"column":29}},"4":{"start":{"line":4,"column":0},"end":{"line":4,"column":27}},"5":{"start":{"line":5,"column":0},"end":{"line":5,"column":23}},"6":{"start":{"line":10,"column":0},"end":{"line":10,"column":39}},"7":{"start":{"line":29,"column":0},"end":{"line":256,"column":1}},"8":{"start":{"line":32,"column":0},"end":{"line":40,"column":3}},"9":{"start":{"line":33,"column":1},"end":{"line":33,"column":33}},"10":{"start":{"line":34,"column":1},"end":{"line":39,"column":2}},"11":{"start":{"line":36,"column":3},"end":{"line":36,"column":37}},"12":{"start":{"line":38,"column":3},"end":{"line":38,"column":52}},"13":{"start":{"line":42,"column":0},"end":{"line":52,"column":3}},"14":{"start":{"line":43,"column":1},"end":{"line":43,"column":33}},"15":{"start":{"line":44,"column":1},"end":{"line":44,"column":14}},"16":{"start":{"line":45,"column":1},"end":{"line":51,"column":2}},"17":{"start":{"line":47,"column":3},"end":{"line":47,"column":99}},"18":{"start":{"line":49,"column":3},"end":{"line":49,"column":29}},"19":{"start":{"line":50,"column":3},"end":{"line":50,"column":71}},"20":{"start":{"line":54,"column":0},"end":{"line":56,"column":3}},"21":{"start":{"line":55,"column":1},"end":{"line":55,"column":35}},"22":{"start":{"line":58,"column":0},"end":{"line":75,"column":3}},"23":{"start":{"line":59,"column":1},"end":{"line":59,"column":16}},"24":{"start":{"line":61,"column":4},"end":{"line":64,"column":6}},"25":{"start":{"line":63,"column":7},"end":{"line":63,"column":21}},"26":{"start":{"line":66,"column":4},"end":{"line":73,"column":7}},"27":{"start":{"line":67,"column":7},"end":{"line":72,"column":2}},"28":{"start":{"line":68,"column":3},"end":{"line":68,"column":84}},"29":{"start":{"line":70,"column":3},"end":{"line":70,"column":29}},"30":{"start":{"line":71,"column":3},"end":{"line":71,"column":71}},"31":{"start":{"line":77,"column":0},"end":{"line":81,"column":3}},"32":{"start":{"line":80,"column":1},"end":{"line":80,"column":8}},"33":{"start":{"line":83,"column":0},"end":{"line":124,"column":3}},"34":{"start":{"line":84,"column":1},"end":{"line":84,"column":50}},"35":{"start":{"line":85,"column":1},"end":{"line":85,"column":46}},"36":{"start":{"line":86,"column":1},"end":{"line":86,"column":32}},"37":{"start":{"line":87,"column":1},"end":{"line":87,"column":71}},"38":{"start":{"line":89,"column":1},"end":{"line":89,"column":24}},"39":{"start":{"line":90,"column":1},"end":{"line":90,"column":29}},"40":{"start":{"line":91,"column":1},"end":{"line":91,"column":29}},"41":{"start":{"line":93,"column":1},"end":{"line":119,"column":2}},"42":{"start":{"line":96,"column":2},"end":{"line":118,"column":3}},"43":{"start":{"line":97,"column":3},"end":{"line":116,"column":6}},"44":{"start":{"line":98,"column":6},"end":{"line":98,"column":58}},"45":{"start":{"line":98,"column":16},"end":{"line":98,"column":25}},"46":{"start":{"line":98,"column":33},"end":{"line":98,"column":57}},"47":{"start":{"line":100,"column":6},"end":{"line":105,"column":7}},"48":{"start":{"line":101,"column":7},"end":{"line":104,"column":8}},"49":{"start":{"line":102,"column":8},"end":{"line":102,"column":65}},"50":{"start":{"line":103,"column":8},"end":{"line":103,"column":66}},"51":{"start":{"line":106,"column":6},"end":{"line":115,"column":7}},"52":{"start":{"line":107,"column":5},"end":{"line":107,"column":81}},"53":{"start":{"line":109,"column":7},"end":{"line":114,"column":8}},"54":{"start":{"line":110,"column":8},"end":{"line":110,"column":92}},"55":{"start":{"line":112,"column":8},"end":{"line":112,"column":88}},"56":{"start":{"line":113,"column":8},"end":{"line":113,"column":76}},"57":{"start":{"line":117,"column":3},"end":{"line":117,"column":21}},"58":{"start":{"line":121,"column":1},"end":{"line":123,"column":2}},"59":{"start":{"line":122,"column":2},"end":{"line":122,"column":112}},"60":{"start":{"line":126,"column":0},"end":{"line":192,"column":3}},"61":{"start":{"line":129,"column":1},"end":{"line":129,"column":50}},"62":{"start":{"line":130,"column":1},"end":{"line":130,"column":32}},"63":{"start":{"line":131,"column":1},"end":{"line":131,"column":48}},"64":{"start":{"line":132,"column":1},"end":{"line":132,"column":16}},"65":{"start":{"line":133,"column":1},"end":{"line":133,"column":24}},"66":{"start":{"line":134,"column":1},"end":{"line":134,"column":21}},"67":{"start":{"line":135,"column":1},"end":{"line":135,"column":19}},"68":{"start":{"line":137,"column":1},"end":{"line":140,"column":6}},"69":{"start":{"line":139,"column":7},"end":{"line":139,"column":21}},"70":{"start":{"line":142,"column":3},"end":{"line":191,"column":3}},"71":{"start":{"line":143,"column":7},"end":{"line":190,"column":3}},"72":{"start":{"line":144,"column":3},"end":{"line":145,"column":82}},"73":{"start":{"line":146,"column":9},"end":{"line":190,"column":3}},"74":{"start":{"line":147,"column":3},"end":{"line":148,"column":92}},"75":{"start":{"line":150,"column":3},"end":{"line":154,"column":7}},"76":{"start":{"line":151,"column":5},"end":{"line":153,"column":6}},"77":{"start":{"line":152,"column":6},"end":{"line":152,"column":24}},"78":{"start":{"line":157,"column":3},"end":{"line":157,"column":111}},"79":{"start":{"line":158,"column":3},"end":{"line":189,"column":9}},"80":{"start":{"line":159,"column":4},"end":{"line":159,"column":20}},"81":{"start":{"line":160,"column":4},"end":{"line":162,"column":7}},"82":{"start":{"line":161,"column":5},"end":{"line":161,"column":20}},"83":{"start":{"line":163,"column":4},"end":{"line":188,"column":7}},"84":{"start":{"line":164,"column":8},"end":{"line":187,"column":6}},"85":{"start":{"line":165,"column":6},"end":{"line":181,"column":9}},"86":{"start":{"line":166,"column":7},"end":{"line":180,"column":8}},"87":{"start":{"line":167,"column":8},"end":{"line":167,"column":19}},"88":{"start":{"line":168,"column":8},"end":{"line":168,"column":75}},"89":{"start":{"line":170,"column":8},"end":{"line":170,"column":47}},"90":{"start":{"line":171,"column":8},"end":{"line":172,"column":62}},"91":{"start":{"line":173,"column":8},"end":{"line":179,"column":9}},"92":{"start":{"line":174,"column":9},"end":{"line":175,"column":79}},"93":{"start":{"line":177,"column":9},"end":{"line":178,"column":79}},"94":{"start":{"line":183,"column":6},"end":{"line":184,"column":73}},"95":{"start":{"line":185,"column":6},"end":{"line":185,"column":23}},"96":{"start":{"line":186,"column":6},"end":{"line":186,"column":43}},"97":{"start":{"line":194,"column":0},"end":{"line":215,"column":3}},"98":{"start":{"line":197,"column":1},"end":{"line":197,"column":50}},"99":{"start":{"line":198,"column":1},"end":{"line":198,"column":32}},"100":{"start":{"line":199,"column":1},"end":{"line":199,"column":48}},"101":{"start":{"line":201,"column":1},"end":{"line":214,"column":4}},"102":{"start":{"line":202,"column":2},"end":{"line":213,"column":3}},"103":{"start":{"line":203,"column":3},"end":{"line":203,"column":68}},"104":{"start":{"line":205,"column":3},"end":{"line":212,"column":6}},"105":{"start":{"line":206,"column":4},"end":{"line":211,"column":5}},"106":{"start":{"line":207,"column":5},"end":{"line":207,"column":16}},"107":{"start":{"line":208,"column":5},"end":{"line":208,"column":89}},"108":{"start":{"line":210,"column":5},"end":{"line":210,"column":67}},"109":{"start":{"line":217,"column":0},"end":{"line":219,"column":3}},"110":{"start":{"line":218,"column":1},"end":{"line":218,"column":82}},"111":{"start":{"line":221,"column":0},"end":{"line":246,"column":3}},"112":{"start":{"line":222,"column":1},"end":{"line":222,"column":47}},"113":{"start":{"line":223,"column":1},"end":{"line":223,"column":68}},"114":{"start":{"line":224,"column":1},"end":{"line":224,"column":46}},"115":{"start":{"line":225,"column":1},"end":{"line":225,"column":20}},"116":{"start":{"line":226,"column":1},"end":{"line":226,"column":16}},"117":{"start":{"line":227,"column":1},"end":{"line":244,"column":3}},"118":{"start":{"line":228,"column":2},"end":{"line":243,"column":3}},"119":{"start":{"line":229,"column":3},"end":{"line":229,"column":93}},"120":{"start":{"line":231,"column":3},"end":{"line":239,"column":4}},"121":{"start":{"line":232,"column":4},"end":{"line":232,"column":49}},"122":{"start":{"line":233,"column":4},"end":{"line":237,"column":5}},"123":{"start":{"line":238,"column":4},"end":{"line":238,"column":31}},"124":{"start":{"line":240,"column":3},"end":{"line":240,"column":45}},"125":{"start":{"line":241,"column":3},"end":{"line":241,"column":55}},"126":{"start":{"line":242,"column":3},"end":{"line":242,"column":25}},"127":{"start":{"line":245,"column":1},"end":{"line":245,"column":30}},"128":{"start":{"line":248,"column":0},"end":{"line":254,"column":3}},"129":{"start":{"line":249,"column":1},"end":{"line":253,"column":2}},"130":{"start":{"line":250,"column":2},"end":{"line":250,"column":33}},"131":{"start":{"line":252,"column":2},"end":{"line":252,"column":33}}},"branchMap":{"1":{"line":34,"type":"if","locations":[{"start":{"line":34,"column":1},"end":{"line":34,"column":1}},{"start":{"line":34,"column":1},"end":{"line":34,"column":1}}]},"2":{"line":45,"type":"if","locations":[{"start":{"line":45,"column":1},"end":{"line":45,"column":1}},{"start":{"line":45,"column":1},"end":{"line":45,"column":1}}]},"3":{"line":67,"type":"if","locations":[{"start":{"line":67,"column":7},"end":{"line":67,"column":7}},{"start":{"line":67,"column":7},"end":{"line":67,"column":7}}]},"4":{"line":96,"type":"if","locations":[{"start":{"line":96,"column":2},"end":{"line":96,"column":2}},{"start":{"line":96,"column":2},"end":{"line":96,"column":2}}]},"5":{"line":98,"type":"if","locations":[{"start":{"line":98,"column":6},"end":{"line":98,"column":6}},{"start":{"line":98,"column":6},"end":{"line":98,"column":6}}]},"6":{"line":101,"type":"if","locations":[{"start":{"line":101,"column":7},"end":{"line":101,"column":7}},{"start":{"line":101,"column":7},"end":{"line":101,"column":7}}]},"7":{"line":106,"type":"if","locations":[{"start":{"line":106,"column":6},"end":{"line":106,"column":6}},{"start":{"line":106,"column":6},"end":{"line":106,"column":6}}]},"8":{"line":109,"type":"if","locations":[{"start":{"line":109,"column":7},"end":{"line":109,"column":7}},{"start":{"line":109,"column":7},"end":{"line":109,"column":7}}]},"9":{"line":109,"type":"binary-expr","locations":[{"start":{"line":109,"column":11},"end":{"line":109,"column":33}},{"start":{"line":109,"column":37},"end":{"line":109,"column":68}}]},"10":{"line":121,"type":"if","locations":[{"start":{"line":121,"column":1},"end":{"line":121,"column":1}},{"start":{"line":121,"column":1},"end":{"line":121,"column":1}}]},"11":{"line":143,"type":"if","locations":[{"start":{"line":143,"column":7},"end":{"line":143,"column":7}},{"start":{"line":143,"column":7},"end":{"line":143,"column":7}}]},"12":{"line":146,"type":"if","locations":[{"start":{"line":146,"column":9},"end":{"line":146,"column":9}},{"start":{"line":146,"column":9},"end":{"line":146,"column":9}}]},"13":{"line":151,"type":"if","locations":[{"start":{"line":151,"column":5},"end":{"line":151,"column":5}},{"start":{"line":151,"column":5},"end":{"line":151,"column":5}}]},"14":{"line":164,"type":"if","locations":[{"start":{"line":164,"column":8},"end":{"line":164,"column":8}},{"start":{"line":164,"column":8},"end":{"line":164,"column":8}}]},"15":{"line":164,"type":"binary-expr","locations":[{"start":{"line":164,"column":12},"end":{"line":164,"column":33}},{"start":{"line":164,"column":37},"end":{"line":164,"column":57}}]},"16":{"line":166,"type":"if","locations":[{"start":{"line":166,"column":7},"end":{"line":166,"column":7}},{"start":{"line":166,"column":7},"end":{"line":166,"column":7}}]},"17":{"line":173,"type":"if","locations":[{"start":{"line":173,"column":8},"end":{"line":173,"column":8}},{"start":{"line":173,"column":8},"end":{"line":173,"column":8}}]},"18":{"line":202,"type":"if","locations":[{"start":{"line":202,"column":2},"end":{"line":202,"column":2}},{"start":{"line":202,"column":2},"end":{"line":202,"column":2}}]},"19":{"line":206,"type":"if","locations":[{"start":{"line":206,"column":4},"end":{"line":206,"column":4}},{"start":{"line":206,"column":4},"end":{"line":206,"column":4}}]},"20":{"line":228,"type":"if","locations":[{"start":{"line":228,"column":2},"end":{"line":228,"column":2}},{"start":{"line":228,"column":2},"end":{"line":228,"column":2}}]},"21":{"line":249,"type":"if","locations":[{"start":{"line":249,"column":1},"end":{"line":249,"column":1}},{"start":{"line":249,"column":1},"end":{"line":249,"column":1}}]}}},"/media/colin/data/CloudStation/work/linkeddata/sparql-router/lib/functions.js":{"path":"/media/colin/data/CloudStation/work/linkeddata/sparql-router/lib/functions.js","s":{"1":1,"2":1,"3":1,"4":1,"5":1,"6":1,"7":1,"8":95,"9":95,"10":95,"11":0,"12":1,"13":24,"14":24,"15":24,"16":1,"17":24,"18":24,"19":24,"20":5,"21":24,"22":0,"23":24,"24":24,"25":24,"26":14,"27":24,"28":24,"29":24,"30":24,"31":24,"32":24,"33":24,"34":24,"35":24,"36":24,"37":24,"38":24,"39":24,"40":24,"41":24,"42":24,"43":0,"44":0,"45":24,"46":24,"47":1,"48":26,"49":1,"50":24,"51":24,"52":24,"53":24,"54":24,"55":24,"56":24,"57":24,"58":1,"59":1,"60":1,"61":1,"62":1,"63":23,"64":23,"65":24,"66":24,"67":0,"68":24,"69":1,"70":5,"71":5,"72":5,"73":6,"74":6,"75":6,"76":5,"77":1,"78":5,"79":5,"80":5,"81":5,"82":5,"83":5,"84":6,"85":7,"86":1,"87":5,"88":5,"89":1,"90":4,"91":4,"92":0,"93":4,"94":1,"95":7,"96":7,"97":15,"98":6,"99":6,"100":7,"101":1,"102":1,"103":1,"104":5,"105":1,"106":6,"107":6,"108":1,"109":4,"110":4,"111":9,"112":3,"113":3,"114":3,"115":4,"116":1,"117":1,"118":1,"119":5,"120":1,"121":3,"122":3,"123":1,"124":1,"125":1,"126":1,"127":1,"128":1,"129":1,"130":1,"131":1,"132":3},"b":{"1":[95,0],"2":[5,19],"3":[24,15],"4":[0,24],"5":[14,10],"6":[24,15],"7":[24,0],"8":[24,0],"9":[1,23],"10":[0,24],"11":[5,0],"12":[1,6],"13":[0,4],"14":[4,4,4],"15":[6,9],"16":[1,6],"17":[6,0],"18":[3,6],"19":[1,3],"20":[3,0],"21":[1,0]},"f":{"1":95,"2":24,"3":24,"4":26,"5":24,"6":5,"7":5,"8":4,"9":7,"10":4,"11":1,"12":3},"fnMap":{"1":{"name":"(anonymous_1)","line":24,"loc":{"start":{"line":24,"column":30},"end":{"line":24,"column":49}}},"2":{"name":"(anonymous_2)","line":33,"loc":{"start":{"line":33,"column":26},"end":{"line":33,"column":43}}},"3":{"name":"(anonymous_3)","line":39,"loc":{"start":{"line":39,"column":29},"end":{"line":39,"column":66}}},"4":{"name":"(anonymous_4)","line":85,"loc":{"start":{"line":85,"column":34},"end":{"line":85,"column":72}}},"5":{"name":"(anonymous_5)","line":91,"loc":{"start":{"line":91,"column":32},"end":{"line":91,"column":50}}},"6":{"name":"(anonymous_6)","line":124,"loc":{"start":{"line":124,"column":46},"end":{"line":124,"column":64}}},"7":{"name":"(anonymous_7)","line":142,"loc":{"start":{"line":142,"column":47},"end":{"line":142,"column":84}}},"8":{"name":"(anonymous_8)","line":164,"loc":{"start":{"line":164,"column":31},"end":{"line":164,"column":42}}},"9":{"name":"(anonymous_9)","line":177,"loc":{"start":{"line":177,"column":40},"end":{"line":177,"column":90}}},"10":{"name":"(anonymous_10)","line":200,"loc":{"start":{"line":200,"column":32},"end":{"line":200,"column":82}}},"11":{"name":"(anonymous_11)","line":225,"loc":{"start":{"line":225,"column":34},"end":{"line":225,"column":55}}},"12":{"name":"(anonymous_12)","line":240,"loc":{"start":{"line":240,"column":32},"end":{"line":240,"column":44}}}},"statementMap":{"1":{"start":{"line":1,"column":0},"end":{"line":1,"column":23}},"2":{"start":{"line":2,"column":0},"end":{"line":2,"column":27}},"3":{"start":{"line":3,"column":0},"end":{"line":3,"column":28}},"4":{"start":{"line":4,"column":0},"end":{"line":4,"column":29}},"5":{"start":{"line":5,"column":0},"end":{"line":5,"column":31}},"6":{"start":{"line":6,"column":0},"end":{"line":6,"column":35}},"7":{"start":{"line":24,"column":0},"end":{"line":31,"column":2}},"8":{"start":{"line":25,"column":1},"end":{"line":25,"column":26}},"9":{"start":{"line":27,"column":1},"end":{"line":30,"column":13}},"10":{"start":{"line":28,"column":2},"end":{"line":28,"column":26}},"11":{"start":{"line":30,"column":2},"end":{"line":30,"column":13}},"12":{"start":{"line":33,"column":0},"end":{"line":37,"column":2}},"13":{"start":{"line":34,"column":4},"end":{"line":34,"column":26}},"14":{"start":{"line":35,"column":4},"end":{"line":35,"column":27}},"15":{"start":{"line":36,"column":4},"end":{"line":36,"column":36}},"16":{"start":{"line":39,"column":0},"end":{"line":83,"column":2}},"17":{"start":{"line":40,"column":1},"end":{"line":40,"column":17}},"18":{"start":{"line":41,"column":1},"end":{"line":41,"column":17}},"19":{"start":{"line":43,"column":2},"end":{"line":45,"column":3}},"20":{"start":{"line":44,"column":3},"end":{"line":44,"column":66}},"21":{"start":{"line":47,"column":1},"end":{"line":47,"column":84}},"22":{"start":{"line":47,"column":48},"end":{"line":47,"column":62}},"23":{"start":{"line":47,"column":70},"end":{"line":47,"column":83}},"24":{"start":{"line":49,"column":1},"end":{"line":49,"column":54}},"25":{"start":{"line":51,"column":1},"end":{"line":51,"column":108}},"26":{"start":{"line":51,"column":58},"end":{"line":51,"column":108}},"27":{"start":{"line":53,"column":1},"end":{"line":53,"column":43}},"28":{"start":{"line":55,"column":1},"end":{"line":55,"column":23}},"29":{"start":{"line":57,"column":1},"end":{"line":75,"column":4}},"30":{"start":{"line":58,"column":4},"end":{"line":58,"column":53}},"31":{"start":{"line":59,"column":2},"end":{"line":59,"column":26}},"32":{"start":{"line":60,"column":2},"end":{"line":62,"column":5}},"33":{"start":{"line":61,"column":3},"end":{"line":61,"column":18}},"34":{"start":{"line":63,"column":2},"end":{"line":74,"column":4}},"35":{"start":{"line":64,"column":3},"end":{"line":64,"column":25}},"36":{"start":{"line":65,"column":3},"end":{"line":67,"column":4}},"37":{"start":{"line":66,"column":4},"end":{"line":66,"column":62}},"38":{"start":{"line":68,"column":3},"end":{"line":70,"column":4}},"39":{"start":{"line":69,"column":4},"end":{"line":69,"column":45}},"40":{"start":{"line":72,"column":3},"end":{"line":72,"column":58}},"41":{"start":{"line":73,"column":3},"end":{"line":73,"column":38}},"42":{"start":{"line":76,"column":1},"end":{"line":79,"column":4}},"43":{"start":{"line":77,"column":2},"end":{"line":77,"column":59}},"44":{"start":{"line":78,"column":2},"end":{"line":78,"column":73}},"45":{"start":{"line":80,"column":1},"end":{"line":80,"column":30}},"46":{"start":{"line":81,"column":1},"end":{"line":81,"column":11}},"47":{"start":{"line":85,"column":0},"end":{"line":89,"column":2}},"48":{"start":{"line":86,"column":1},"end":{"line":88,"column":16}},"49":{"start":{"line":91,"column":0},"end":{"line":122,"column":2}},"50":{"start":{"line":92,"column":1},"end":{"line":92,"column":37}},"51":{"start":{"line":93,"column":1},"end":{"line":93,"column":20}},"52":{"start":{"line":94,"column":1},"end":{"line":94,"column":17}},"53":{"start":{"line":95,"column":1},"end":{"line":95,"column":15}},"54":{"start":{"line":96,"column":1},"end":{"line":96,"column":15}},"55":{"start":{"line":97,"column":1},"end":{"line":97,"column":18}},"56":{"start":{"line":98,"column":1},"end":{"line":98,"column":45}},"57":{"start":{"line":99,"column":1},"end":{"line":108,"column":2}},"58":{"start":{"line":100,"column":2},"end":{"line":100,"column":128}},"59":{"start":{"line":101,"column":2},"end":{"line":101,"column":18}},"60":{"start":{"line":102,"column":2},"end":{"line":102,"column":26}},"61":{"start":{"line":103,"column":2},"end":{"line":103,"column":64}},"62":{"start":{"line":104,"column":2},"end":{"line":104,"column":67}},"63":{"start":{"line":106,"column":2},"end":{"line":106,"column":126}},"64":{"start":{"line":107,"column":2},"end":{"line":107,"column":17}},"65":{"start":{"line":110,"column":1},"end":{"line":117,"column":3}},"66":{"start":{"line":118,"column":1},"end":{"line":120,"column":2}},"67":{"start":{"line":119,"column":2},"end":{"line":119,"column":69}},"68":{"start":{"line":121,"column":1},"end":{"line":121,"column":16}},"69":{"start":{"line":124,"column":0},"end":{"line":140,"column":2}},"70":{"start":{"line":127,"column":1},"end":{"line":130,"column":2}},"71":{"start":{"line":129,"column":2},"end":{"line":129,"column":110}},"72":{"start":{"line":133,"column":1},"end":{"line":138,"column":2}},"73":{"start":{"line":135,"column":2},"end":{"line":135,"column":107}},"74":{"start":{"line":136,"column":2},"end":{"line":136,"column":59}},"75":{"start":{"line":137,"column":2},"end":{"line":137,"column":88}},"76":{"start":{"line":139,"column":1},"end":{"line":139,"column":16}},"77":{"start":{"line":142,"column":0},"end":{"line":162,"column":2}},"78":{"start":{"line":143,"column":1},"end":{"line":143,"column":37}},"79":{"start":{"line":144,"column":1},"end":{"line":144,"column":33}},"80":{"start":{"line":145,"column":1},"end":{"line":145,"column":43}},"81":{"start":{"line":146,"column":1},"end":{"line":146,"column":39}},"82":{"start":{"line":148,"column":1},"end":{"line":148,"column":43}},"83":{"start":{"line":151,"column":1},"end":{"line":158,"column":2}},"84":{"start":{"line":152,"column":2},"end":{"line":157,"column":3}},"85":{"start":{"line":153,"column":3},"end":{"line":155,"column":4}},"86":{"start":{"line":154,"column":4},"end":{"line":154,"column":57}},"87":{"start":{"line":160,"column":1},"end":{"line":160,"column":46}},"88":{"start":{"line":161,"column":1},"end":{"line":161,"column":18}},"89":{"start":{"line":164,"column":0},"end":{"line":175,"column":2}},"90":{"start":{"line":165,"column":1},"end":{"line":165,"column":48}},"91":{"start":{"line":166,"column":1},"end":{"line":174,"column":2}},"92":{"start":{"line":171,"column":2},"end":{"line":171,"column":26}},"93":{"start":{"line":173,"column":2},"end":{"line":173,"column":12}},"94":{"start":{"line":177,"column":0},"end":{"line":198,"column":1}},"95":{"start":{"line":178,"column":1},"end":{"line":178,"column":30}},"96":{"start":{"line":180,"column":1},"end":{"line":185,"column":2}},"97":{"start":{"line":181,"column":2},"end":{"line":184,"column":3}},"98":{"start":{"line":182,"column":3},"end":{"line":182,"column":27}},"99":{"start":{"line":183,"column":3},"end":{"line":183,"column":9}},"100":{"start":{"line":186,"column":1},"end":{"line":197,"column":2}},"101":{"start":{"line":187,"column":2},"end":{"line":187,"column":23}},"102":{"start":{"line":188,"column":2},"end":{"line":188,"column":122}},"103":{"start":{"line":189,"column":2},"end":{"line":191,"column":3}},"104":{"start":{"line":190,"column":3},"end":{"line":190,"column":43}},"105":{"start":{"line":192,"column":2},"end":{"line":192,"column":63}},"106":{"start":{"line":194,"column":2},"end":{"line":196,"column":3}},"107":{"start":{"line":195,"column":2},"end":{"line":195,"column":61}},"108":{"start":{"line":200,"column":0},"end":{"line":223,"column":1}},"109":{"start":{"line":201,"column":1},"end":{"line":201,"column":28}},"110":{"start":{"line":203,"column":1},"end":{"line":209,"column":2}},"111":{"start":{"line":204,"column":2},"end":{"line":208,"column":3}},"112":{"start":{"line":205,"column":3},"end":{"line":205,"column":50}},"113":{"start":{"line":206,"column":3},"end":{"line":206,"column":25}},"114":{"start":{"line":207,"column":3},"end":{"line":207,"column":9}},"115":{"start":{"line":210,"column":1},"end":{"line":222,"column":2}},"116":{"start":{"line":211,"column":2},"end":{"line":211,"column":23}},"117":{"start":{"line":212,"column":2},"end":{"line":213,"column":93}},"118":{"start":{"line":214,"column":2},"end":{"line":216,"column":3}},"119":{"start":{"line":215,"column":3},"end":{"line":215,"column":37}},"120":{"start":{"line":217,"column":2},"end":{"line":217,"column":63}},"121":{"start":{"line":219,"column":2},"end":{"line":221,"column":3}},"122":{"start":{"line":220,"column":2},"end":{"line":220,"column":61}},"123":{"start":{"line":225,"column":0},"end":{"line":238,"column":2}},"124":{"start":{"line":226,"column":2},"end":{"line":226,"column":52}},"125":{"start":{"line":227,"column":2},"end":{"line":231,"column":4}},"126":{"start":{"line":232,"column":2},"end":{"line":232,"column":25}},"127":{"start":{"line":233,"column":2},"end":{"line":233,"column":37}},"128":{"start":{"line":234,"column":2},"end":{"line":236,"column":3}},"129":{"start":{"line":235,"column":4},"end":{"line":235,"column":24}},"130":{"start":{"line":237,"column":2},"end":{"line":237,"column":16}},"131":{"start":{"line":240,"column":0},"end":{"line":243,"column":2}},"132":{"start":{"line":241,"column":2},"end":{"line":242,"column":46}}},"branchMap":{"1":{"line":27,"type":"if","locations":[{"start":{"line":27,"column":1},"end":{"line":27,"column":1}},{"start":{"line":27,"column":1},"end":{"line":27,"column":1}}]},"2":{"line":43,"type":"if","locations":[{"start":{"line":43,"column":2},"end":{"line":43,"column":2}},{"start":{"line":43,"column":2},"end":{"line":43,"column":2}}]},"3":{"line":43,"type":"binary-expr","locations":[{"start":{"line":43,"column":6},"end":{"line":43,"column":28}},{"start":{"line":43,"column":32},"end":{"line":43,"column":78}}]},"4":{"line":47,"type":"if","locations":[{"start":{"line":47,"column":1},"end":{"line":47,"column":1}},{"start":{"line":47,"column":1},"end":{"line":47,"column":1}}]},"5":{"line":51,"type":"if","locations":[{"start":{"line":51,"column":1},"end":{"line":51,"column":1}},{"start":{"line":51,"column":1},"end":{"line":51,"column":1}}]},"6":{"line":51,"type":"binary-expr","locations":[{"start":{"line":51,"column":5},"end":{"line":51,"column":26}},{"start":{"line":51,"column":30},"end":{"line":51,"column":56}}]},"7":{"line":65,"type":"if","locations":[{"start":{"line":65,"column":3},"end":{"line":65,"column":3}},{"start":{"line":65,"column":3},"end":{"line":65,"column":3}}]},"8":{"line":68,"type":"if","locations":[{"start":{"line":68,"column":3},"end":{"line":68,"column":3}},{"start":{"line":68,"column":3},"end":{"line":68,"column":3}}]},"9":{"line":99,"type":"if","locations":[{"start":{"line":99,"column":1},"end":{"line":99,"column":1}},{"start":{"line":99,"column":1},"end":{"line":99,"column":1}}]},"10":{"line":118,"type":"if","locations":[{"start":{"line":118,"column":1},"end":{"line":118,"column":1}},{"start":{"line":118,"column":1},"end":{"line":118,"column":1}}]},"11":{"line":127,"type":"if","locations":[{"start":{"line":127,"column":1},"end":{"line":127,"column":1}},{"start":{"line":127,"column":1},"end":{"line":127,"column":1}}]},"12":{"line":153,"type":"if","locations":[{"start":{"line":153,"column":3},"end":{"line":153,"column":3}},{"start":{"line":153,"column":3},"end":{"line":153,"column":3}}]},"13":{"line":166,"type":"if","locations":[{"start":{"line":166,"column":1},"end":{"line":166,"column":1}},{"start":{"line":166,"column":1},"end":{"line":166,"column":1}}]},"14":{"line":167,"type":"binary-expr","locations":[{"start":{"line":167,"column":1},"end":{"line":167,"column":17}},{"start":{"line":168,"column":1},"end":{"line":168,"column":18}},{"start":{"line":169,"column":1},"end":{"line":169,"column":17}}]},"15":{"line":181,"type":"if","locations":[{"start":{"line":181,"column":2},"end":{"line":181,"column":2}},{"start":{"line":181,"column":2},"end":{"line":181,"column":2}}]},"16":{"line":186,"type":"if","locations":[{"start":{"line":186,"column":1},"end":{"line":186,"column":1}},{"start":{"line":186,"column":1},"end":{"line":186,"column":1}}]},"17":{"line":194,"type":"if","locations":[{"start":{"line":194,"column":2},"end":{"line":194,"column":2}},{"start":{"line":194,"column":2},"end":{"line":194,"column":2}}]},"18":{"line":204,"type":"if","locations":[{"start":{"line":204,"column":2},"end":{"line":204,"column":2}},{"start":{"line":204,"column":2},"end":{"line":204,"column":2}}]},"19":{"line":210,"type":"if","locations":[{"start":{"line":210,"column":1},"end":{"line":210,"column":1}},{"start":{"line":210,"column":1},"end":{"line":210,"column":1}}]},"20":{"line":219,"type":"if","locations":[{"start":{"line":219,"column":2},"end":{"line":219,"column":2}},{"start":{"line":219,"column":2},"end":{"line":219,"column":2}}]},"21":{"line":234,"type":"if","locations":[{"start":{"line":234,"column":2},"end":{"line":234,"column":2}},{"start":{"line":234,"column":2},"end":{"line":234,"column":2}}]}}}}