TN:
SF:/media/colin/data/CloudStation/work/linkeddata/sparql-router/app.js
FN:38,(anonymous_1)
FN:46,(anonymous_2)
FN:51,(anonymous_3)
FN:71,(anonymous_4)
FN:81,(anonymous_5)
FNF:5
FNH:5
FNDA:1,(anonymous_1)
FNDA:1,(anonymous_2)
FNDA:1,(anonymous_3)
FNDA:52,(anonymous_4)
FNDA:11,(anonymous_5)
DA:1,1
DA:2,1
DA:3,1
DA:4,1
DA:5,1
DA:6,1
DA:7,1
DA:8,1
DA:9,1
DA:11,1
DA:14,1
DA:33,1
DA:34,1
DA:35,1
DA:36,1
DA:37,1
DA:38,1
DA:39,1
DA:40,1
DA:44,1
DA:45,1
DA:46,1
DA:47,1
DA:48,1
DA:49,1
DA:50,1
DA:51,1
DA:52,1
DA:53,1
DA:62,1
DA:63,1
DA:64,1
DA:68,1
DA:70,1
DA:71,1
DA:72,52
DA:73,52
DA:74,52
DA:77,1
DA:80,1
DA:82,11
DA:89,11
DA:91,0
DA:98,1
LF:44
LH:43
BRDA:39,1,0,0
BRDA:39,1,1,1
BRDA:47,2,0,0
BRDA:47,2,1,1
BRDA:52,3,0,0
BRDA:52,3,1,1
BRDA:82,4,0,11
BRDA:82,4,1,0
BRDA:83,5,0,11
BRDA:83,5,1,0
BRDA:83,5,2,0
BRDA:83,5,3,0
BRF:12
BRH:5
end_of_record
TN:
SF:/media/colin/data/CloudStation/work/linkeddata/sparql-router/lib/routes.js
FN:29,(anonymous_1)
FN:31,(anonymous_2)
FN:43,(anonymous_3)
FN:53,(anonymous_4)
FN:65,(anonymous_5)
FN:69,(anonymous_6)
FN:72,(anonymous_7)
FN:77,(anonymous_8)
FN:90,(anonymous_9)
FN:94,(anonymous_10)
FN:108,(anonymous_11)
FN:139,(anonymous_12)
FN:148,(anonymous_13)
FN:153,(anonymous_14)
FN:161,(anonymous_15)
FN:176,(anonymous_16)
FN:207,(anonymous_17)
FN:212,(anonymous_18)
FN:216,(anonymous_19)
FN:228,(anonymous_20)
FN:232,(anonymous_21)
FN:238,(anonymous_22)
FN:259,(anonymous_23)
FNF:23
FNH:23
FNDA:1,(anonymous_1)
FNDA:1,(anonymous_2)
FNDA:1,(anonymous_3)
FNDA:8,(anonymous_4)
FNDA:1,(anonymous_5)
FNDA:3,(anonymous_6)
FNDA:2,(anonymous_7)
FNDA:3,(anonymous_8)
FNDA:2,(anonymous_9)
FNDA:20,(anonymous_10)
FNDA:17,(anonymous_11)
FNDA:6,(anonymous_12)
FNDA:5,(anonymous_13)
FNDA:6,(anonymous_14)
FNDA:5,(anonymous_15)
FNDA:2,(anonymous_16)
FNDA:3,(anonymous_17)
FNDA:3,(anonymous_18)
FNDA:2,(anonymous_19)
FNDA:1,(anonymous_20)
FNDA:1,(anonymous_21)
FNDA:1,(anonymous_22)
FNDA:1,(anonymous_23)
DA:1,1
DA:2,1
DA:3,1
DA:4,1
DA:5,1
DA:10,1
DA:29,1
DA:31,1
DA:32,1
DA:33,1
DA:34,1
DA:35,1
DA:37,1
DA:39,1
DA:40,1
DA:43,1
DA:44,1
DA:45,1
DA:47,0
DA:49,1
DA:53,1
DA:54,8
DA:55,8
DA:56,8
DA:58,1
DA:60,7
DA:61,7
DA:65,1
DA:66,1
DA:69,1
DA:70,3
DA:72,3
DA:74,2
DA:77,3
DA:78,3
DA:79,1
DA:81,2
DA:82,2
DA:88,1
DA:91,2
DA:94,1
DA:95,20
DA:96,20
DA:97,20
DA:98,20
DA:100,20
DA:101,20
DA:102,20
DA:104,20
DA:107,90
DA:108,17
DA:109,17
DA:111,17
DA:112,6
DA:113,6
DA:114,6
DA:117,17
DA:118,4
DA:120,13
DA:121,7
DA:123,6
DA:124,6
DA:128,17
DA:132,20
DA:133,3
DA:137,1
DA:140,6
DA:141,6
DA:142,6
DA:143,6
DA:144,6
DA:145,6
DA:146,6
DA:148,6
DA:150,5
DA:153,6
DA:154,6
DA:155,0
DA:157,6
DA:158,1
DA:161,5
DA:162,5
DA:163,2
DA:168,5
DA:169,5
DA:170,4
DA:171,4
DA:172,4
DA:174,4
DA:175,4
DA:176,2
DA:177,2
DA:178,0
DA:179,0
DA:181,2
DA:182,2
DA:184,2
DA:185,0
DA:188,2
DA:194,2
DA:196,2
DA:197,2
DA:205,1
DA:208,3
DA:209,3
DA:210,3
DA:212,3
DA:213,3
DA:214,1
DA:216,2
DA:217,2
DA:218,0
DA:219,0
DA:221,2
DA:228,1
DA:229,1
DA:232,1
DA:233,1
DA:234,1
DA:235,1
DA:236,1
DA:237,1
DA:238,1
DA:239,1
DA:240,0
DA:242,1
DA:243,5
DA:244,5
DA:249,5
DA:251,1
DA:252,1
DA:253,1
DA:256,1
DA:259,1
DA:260,1
DA:261,1
DA:263,0
LF:137
LH:128
BRDA:45,1,0,0
BRDA:45,1,1,1
BRDA:56,2,0,1
BRDA:56,2,1,7
BRDA:78,3,0,1
BRDA:78,3,1,2
BRDA:107,4,0,17
BRDA:107,4,1,73
BRDA:109,5,0,0
BRDA:109,5,1,17
BRDA:112,6,0,6
BRDA:112,6,1,0
BRDA:117,7,0,4
BRDA:117,7,1,13
BRDA:120,8,0,7
BRDA:120,8,1,6
BRDA:120,9,0,13
BRDA:120,9,1,7
BRDA:132,10,0,3
BRDA:132,10,1,17
BRDA:154,11,0,0
BRDA:154,11,1,6
BRDA:157,12,0,1
BRDA:157,12,1,5
BRDA:162,13,0,2
BRDA:162,13,1,3
BRDA:175,14,0,2
BRDA:175,14,1,2
BRDA:175,15,0,4
BRDA:175,15,1,4
BRDA:177,16,0,0
BRDA:177,16,1,2
BRDA:184,17,0,0
BRDA:184,17,1,2
BRDA:213,18,0,1
BRDA:213,18,1,2
BRDA:217,19,0,0
BRDA:217,19,1,2
BRDA:239,20,0,0
BRDA:239,20,1,1
BRDA:260,21,0,1
BRDA:260,21,1,0
BRF:42
BRH:33
end_of_record
TN:
SF:/media/colin/data/CloudStation/work/linkeddata/sparql-router/lib/functions.js
FN:24,(anonymous_1)
FN:33,(anonymous_2)
FN:39,(anonymous_3)
FN:85,(anonymous_4)
FN:91,(anonymous_5)
FN:124,(anonymous_6)
FN:142,(anonymous_7)
FN:164,(anonymous_8)
FN:177,(anonymous_9)
FN:200,(anonymous_10)
FN:225,(anonymous_11)
FN:240,(anonymous_12)
FNF:12
FNH:12
FNDA:95,(anonymous_1)
FNDA:23,(anonymous_2)
FNDA:24,(anonymous_3)
FNDA:25,(anonymous_4)
FNDA:24,(anonymous_5)
FNDA:5,(anonymous_6)
FNDA:5,(anonymous_7)
FNDA:3,(anonymous_8)
FNDA:7,(anonymous_9)
FNDA:4,(anonymous_10)
FNDA:2,(anonymous_11)
FNDA:4,(anonymous_12)
DA:1,1
DA:2,1
DA:3,1
DA:4,1
DA:5,1
DA:6,1
DA:24,1
DA:25,95
DA:27,95
DA:28,95
DA:30,0
DA:33,1
DA:34,23
DA:35,23
DA:36,23
DA:39,1
DA:40,24
DA:41,24
DA:43,24
DA:44,5
DA:47,24
DA:49,24
DA:51,24
DA:53,24
DA:55,24
DA:57,24
DA:58,23
DA:59,23
DA:60,23
DA:61,25
DA:63,23
DA:64,23
DA:65,23
DA:66,23
DA:68,23
DA:69,23
DA:72,23
DA:73,23
DA:76,24
DA:77,0
DA:78,0
DA:80,24
DA:81,24
DA:85,1
DA:86,25
DA:91,1
DA:92,24
DA:93,24
DA:94,24
DA:95,24
DA:96,24
DA:97,24
DA:98,24
DA:99,24
DA:100,1
DA:101,1
DA:102,1
DA:103,1
DA:104,1
DA:106,23
DA:107,23
DA:110,24
DA:118,24
DA:119,0
DA:121,24
DA:124,1
DA:127,5
DA:129,5
DA:133,5
DA:135,6
DA:136,6
DA:137,6
DA:139,5
DA:142,1
DA:143,5
DA:144,5
DA:145,5
DA:146,5
DA:148,5
DA:151,5
DA:152,6
DA:153,7
DA:154,1
DA:160,5
DA:161,5
DA:164,1
DA:165,3
DA:166,3
DA:171,0
DA:173,3
DA:177,1
DA:178,7
DA:180,7
DA:181,15
DA:182,6
DA:183,6
DA:186,7
DA:187,1
DA:188,1
DA:189,1
DA:190,5
DA:192,1
DA:194,6
DA:195,6
DA:200,1
DA:201,4
DA:203,4
DA:204,9
DA:205,3
DA:206,3
DA:207,3
DA:210,4
DA:211,1
DA:212,1
DA:214,1
DA:215,5
DA:217,1
DA:219,3
DA:220,3
DA:225,1
DA:226,2
DA:227,2
DA:232,2
DA:233,2
DA:234,2
DA:235,1
DA:237,2
DA:240,1
DA:241,4
LF:129
LH:124
BRDA:27,1,0,95
BRDA:27,1,1,0
BRDA:43,2,0,5
BRDA:43,2,1,19
BRDA:43,3,0,24
BRDA:43,3,1,15
BRDA:47,4,0,0
BRDA:47,4,1,24
BRDA:51,5,0,14
BRDA:51,5,1,10
BRDA:51,6,0,24
BRDA:51,6,1,15
BRDA:65,7,0,23
BRDA:65,7,1,0
BRDA:68,8,0,23
BRDA:68,8,1,0
BRDA:99,9,0,1
BRDA:99,9,1,23
BRDA:118,10,0,0
BRDA:118,10,1,24
BRDA:127,11,0,5
BRDA:127,11,1,0
BRDA:153,12,0,1
BRDA:153,12,1,6
BRDA:166,13,0,0
BRDA:166,13,1,3
BRDA:167,14,0,3
BRDA:167,14,1,3
BRDA:167,14,2,3
BRDA:181,15,0,6
BRDA:181,15,1,9
BRDA:186,16,0,1
BRDA:186,16,1,6
BRDA:194,17,0,6
BRDA:194,17,1,0
BRDA:204,18,0,3
BRDA:204,18,1,6
BRDA:210,19,0,1
BRDA:210,19,1,3
BRDA:219,20,0,3
BRDA:219,20,1,0
BRDA:234,21,0,1
BRDA:234,21,1,1
BRF:43
BRH:34
end_of_record
