TN:
SF:/media/colin/data/CloudStation/work/linkeddata/sparql-router/app.js
FN:38,(anonymous_1)
FN:46,(anonymous_2)
FN:51,(anonymous_3)
FN:71,(anonymous_4)
FN:81,(anonymous_5)
FNF:5
FNH:5
FNDA:1,(anonymous_1)
FNDA:1,(anonymous_2)
FNDA:1,(anonymous_3)
FNDA:51,(anonymous_4)
FNDA:11,(anonymous_5)
DA:1,1
DA:2,1
DA:3,1
DA:4,1
DA:5,1
DA:6,1
DA:7,1
DA:8,1
DA:9,1
DA:11,1
DA:14,1
DA:33,1
DA:34,1
DA:35,1
DA:36,1
DA:37,1
DA:38,1
DA:39,1
DA:40,1
DA:44,1
DA:45,1
DA:46,1
DA:47,1
DA:48,1
DA:49,1
DA:50,1
DA:51,1
DA:52,1
DA:53,1
DA:62,1
DA:63,1
DA:64,1
DA:68,1
DA:70,1
DA:71,1
DA:72,51
DA:73,51
DA:74,51
DA:77,1
DA:80,1
DA:82,11
DA:89,11
DA:91,0
DA:98,1
LF:44
LH:43
BRDA:39,1,0,0
BRDA:39,1,1,1
BRDA:47,2,0,0
BRDA:47,2,1,1
BRDA:52,3,0,0
BRDA:52,3,1,1
BRDA:82,4,0,11
BRDA:82,4,1,0
BRDA:83,5,0,11
BRDA:83,5,1,0
BRDA:83,5,2,0
BRDA:83,5,3,0
BRF:12
BRH:5
end_of_record
TN:
SF:/media/colin/data/CloudStation/work/linkeddata/sparql-router/lib/routes.js
FN:29,(anonymous_1)
FN:32,(anonymous_2)
FN:42,(anonymous_3)
FN:54,(anonymous_4)
FN:58,(anonymous_5)
FN:61,(anonymous_6)
FN:66,(anonymous_7)
FN:79,(anonymous_8)
FN:83,(anonymous_9)
FN:97,(anonymous_10)
FN:128,(anonymous_11)
FN:137,(anonymous_12)
FN:142,(anonymous_13)
FN:150,(anonymous_14)
FN:165,(anonymous_15)
FN:196,(anonymous_16)
FN:201,(anonymous_17)
FN:205,(anonymous_18)
FN:217,(anonymous_19)
FN:221,(anonymous_20)
FN:227,(anonymous_21)
FN:248,(anonymous_22)
FNF:22
FNH:22
FNDA:1,(anonymous_1)
FNDA:1,(anonymous_2)
FNDA:8,(anonymous_3)
FNDA:1,(anonymous_4)
FNDA:3,(anonymous_5)
FNDA:2,(anonymous_6)
FNDA:3,(anonymous_7)
FNDA:2,(anonymous_8)
FNDA:20,(anonymous_9)
FNDA:17,(anonymous_10)
FNDA:6,(anonymous_11)
FNDA:5,(anonymous_12)
FNDA:6,(anonymous_13)
FNDA:5,(anonymous_14)
FNDA:3,(anonymous_15)
FNDA:3,(anonymous_16)
FNDA:3,(anonymous_17)
FNDA:2,(anonymous_18)
FNDA:1,(anonymous_19)
FNDA:1,(anonymous_20)
FNDA:1,(anonymous_21)
FNDA:1,(anonymous_22)
DA:1,1
DA:2,1
DA:3,1
DA:4,1
DA:5,1
DA:10,1
DA:29,1
DA:32,1
DA:33,1
DA:34,1
DA:36,0
DA:38,1
DA:42,1
DA:43,8
DA:44,8
DA:45,8
DA:47,1
DA:49,7
DA:50,7
DA:54,1
DA:55,1
DA:58,1
DA:59,3
DA:61,3
DA:63,2
DA:66,3
DA:67,3
DA:68,1
DA:70,2
DA:71,2
DA:77,1
DA:80,2
DA:83,1
DA:84,20
DA:85,20
DA:86,20
DA:87,20
DA:89,20
DA:90,20
DA:91,20
DA:93,20
DA:96,90
DA:97,17
DA:98,17
DA:100,17
DA:101,6
DA:102,6
DA:103,6
DA:106,17
DA:107,4
DA:109,13
DA:110,7
DA:112,6
DA:113,6
DA:117,17
DA:121,20
DA:122,3
DA:126,1
DA:129,6
DA:130,6
DA:131,6
DA:132,6
DA:133,6
DA:134,6
DA:135,6
DA:137,6
DA:139,5
DA:142,6
DA:143,6
DA:144,0
DA:146,6
DA:147,1
DA:150,5
DA:151,5
DA:152,2
DA:157,5
DA:158,5
DA:159,5
DA:160,5
DA:161,5
DA:163,5
DA:164,5
DA:165,3
DA:166,3
DA:167,0
DA:168,0
DA:170,3
DA:171,3
DA:173,3
DA:174,1
DA:177,2
DA:183,2
DA:185,2
DA:186,2
DA:194,1
DA:197,3
DA:198,3
DA:199,3
DA:201,3
DA:202,3
DA:203,1
DA:205,2
DA:206,2
DA:207,0
DA:208,0
DA:210,2
DA:217,1
DA:218,1
DA:221,1
DA:222,1
DA:223,1
DA:224,1
DA:225,1
DA:226,1
DA:227,1
DA:228,1
DA:229,0
DA:231,1
DA:232,5
DA:233,5
DA:238,5
DA:240,1
DA:241,1
DA:242,1
DA:245,1
DA:248,1
DA:249,1
DA:250,1
DA:252,0
LF:129
LH:121
BRDA:34,1,0,0
BRDA:34,1,1,1
BRDA:45,2,0,1
BRDA:45,2,1,7
BRDA:67,3,0,1
BRDA:67,3,1,2
BRDA:96,4,0,17
BRDA:96,4,1,73
BRDA:98,5,0,0
BRDA:98,5,1,17
BRDA:101,6,0,6
BRDA:101,6,1,0
BRDA:106,7,0,4
BRDA:106,7,1,13
BRDA:109,8,0,7
BRDA:109,8,1,6
BRDA:109,9,0,13
BRDA:109,9,1,7
BRDA:121,10,0,3
BRDA:121,10,1,17
BRDA:143,11,0,0
BRDA:143,11,1,6
BRDA:146,12,0,1
BRDA:146,12,1,5
BRDA:151,13,0,2
BRDA:151,13,1,3
BRDA:164,14,0,3
BRDA:164,14,1,2
BRDA:164,15,0,5
BRDA:164,15,1,5
BRDA:166,16,0,0
BRDA:166,16,1,3
BRDA:173,17,0,1
BRDA:173,17,1,2
BRDA:202,18,0,1
BRDA:202,18,1,2
BRDA:206,19,0,0
BRDA:206,19,1,2
BRDA:228,20,0,0
BRDA:228,20,1,1
BRDA:249,21,0,1
BRDA:249,21,1,0
BRF:42
BRH:34
end_of_record
TN:
SF:/media/colin/data/CloudStation/work/linkeddata/sparql-router/lib/functions.js
FN:24,(anonymous_1)
FN:33,(anonymous_2)
FN:39,(anonymous_3)
FN:85,(anonymous_4)
FN:91,(anonymous_5)
FN:124,(anonymous_6)
FN:142,(anonymous_7)
FN:164,(anonymous_8)
FN:177,(anonymous_9)
FN:200,(anonymous_10)
FN:225,(anonymous_11)
FN:240,(anonymous_12)
FNF:12
FNH:12
FNDA:95,(anonymous_1)
FNDA:24,(anonymous_2)
FNDA:24,(anonymous_3)
FNDA:26,(anonymous_4)
FNDA:24,(anonymous_5)
FNDA:5,(anonymous_6)
FNDA:5,(anonymous_7)
FNDA:4,(anonymous_8)
FNDA:7,(anonymous_9)
FNDA:4,(anonymous_10)
FNDA:1,(anonymous_11)
FNDA:3,(anonymous_12)
DA:1,1
DA:2,1
DA:3,1
DA:4,1
DA:5,1
DA:6,1
DA:24,1
DA:25,95
DA:27,95
DA:28,95
DA:30,0
DA:33,1
DA:34,24
DA:35,24
DA:36,24
DA:39,1
DA:40,24
DA:41,24
DA:43,24
DA:44,5
DA:47,24
DA:49,24
DA:51,24
DA:53,24
DA:55,24
DA:57,24
DA:58,24
DA:59,24
DA:60,24
DA:61,24
DA:63,24
DA:64,24
DA:65,24
DA:66,24
DA:68,24
DA:69,24
DA:72,24
DA:73,24
DA:76,24
DA:77,0
DA:78,0
DA:80,24
DA:81,24
DA:85,1
DA:86,26
DA:91,1
DA:92,24
DA:93,24
DA:94,24
DA:95,24
DA:96,24
DA:97,24
DA:98,24
DA:99,24
DA:100,1
DA:101,1
DA:102,1
DA:103,1
DA:104,1
DA:106,23
DA:107,23
DA:110,24
DA:118,24
DA:119,0
DA:121,24
DA:124,1
DA:127,5
DA:129,5
DA:133,5
DA:135,6
DA:136,6
DA:137,6
DA:139,5
DA:142,1
DA:143,5
DA:144,5
DA:145,5
DA:146,5
DA:148,5
DA:151,5
DA:152,6
DA:153,7
DA:154,1
DA:160,5
DA:161,5
DA:164,1
DA:165,4
DA:166,4
DA:171,0
DA:173,4
DA:177,1
DA:178,7
DA:180,7
DA:181,15
DA:182,6
DA:183,6
DA:186,7
DA:187,1
DA:188,1
DA:189,1
DA:190,5
DA:192,1
DA:194,6
DA:195,6
DA:200,1
DA:201,4
DA:203,4
DA:204,9
DA:205,3
DA:206,3
DA:207,3
DA:210,4
DA:211,1
DA:212,1
DA:214,1
DA:215,5
DA:217,1
DA:219,3
DA:220,3
DA:225,1
DA:226,1
DA:227,1
DA:232,1
DA:233,1
DA:234,1
DA:235,1
DA:237,1
DA:240,1
DA:241,3
LF:129
LH:124
BRDA:27,1,0,95
BRDA:27,1,1,0
BRDA:43,2,0,5
BRDA:43,2,1,19
BRDA:43,3,0,24
BRDA:43,3,1,15
BRDA:47,4,0,0
BRDA:47,4,1,24
BRDA:51,5,0,14
BRDA:51,5,1,10
BRDA:51,6,0,24
BRDA:51,6,1,15
BRDA:65,7,0,24
BRDA:65,7,1,0
BRDA:68,8,0,24
BRDA:68,8,1,0
BRDA:99,9,0,1
BRDA:99,9,1,23
BRDA:118,10,0,0
BRDA:118,10,1,24
BRDA:127,11,0,5
BRDA:127,11,1,0
BRDA:153,12,0,1
BRDA:153,12,1,6
BRDA:166,13,0,0
BRDA:166,13,1,4
BRDA:167,14,0,4
BRDA:167,14,1,4
BRDA:167,14,2,4
BRDA:181,15,0,6
BRDA:181,15,1,9
BRDA:186,16,0,1
BRDA:186,16,1,6
BRDA:194,17,0,6
BRDA:194,17,1,0
BRDA:204,18,0,3
BRDA:204,18,1,6
BRDA:210,19,0,1
BRDA:210,19,1,3
BRDA:219,20,0,3
BRDA:219,20,1,0
BRDA:234,21,0,1
BRDA:234,21,1,0
BRF:43
BRH:33
end_of_record
